{"meta": {"format": 3, "version": "7.15.1", "timestamp": "2026-07-14T01:30:10.212447", "branch_coverage": true, "show_contexts": false}, "files": {"functions\\PY_005.py": {"executed_lines": [], "summary": {"covered_lines": 0, "num_statements": 26, "percent_covered": 0.0, "percent_covered_display": "0", "missing_lines": 26, "excluded_lines": 0, "percent_statements_covered": 0.0, "percent_statements_covered_display": "0", "num_branches": 8, "num_partial_branches": 0, "covered_branches": 0, "missing_branches": 8, "percent_branches_covered": 0.0, "percent_branches_covered_display": "0"}, "missing_lines": [1, 21, 22, 23, 25, 29, 30, 35, 36, 39, 40, 42, 44, 45, 46, 47, 48, 49, 50, 51, 52, 54, 55, 57, 58, 60], "excluded_lines": [], "executed_branches": [], "missing_branches": [[25, 29], [25, 60], [30, 35], [30, 42], [35, 36], [35, 39], [47, -44], [47, 48]], "functions": {"take": {"executed_lines": [], "summary": {"covered_lines": 0, "num_statements": 17, "percent_covered": 0.0, "percent_covered_display": "0", "missing_lines": 17, "excluded_lines": 0, "percent_statements_covered": 0.0, "percent_statements_covered_display": "0", "num_branches": 6, "num_partial_branches": 0, "covered_branches": 0, "missing_branches": 6, "percent_branches_covered": 0.0, "percent_branches_covered_display": "0"}, "missing_lines": [21, 22, 23, 25, 29, 30, 35, 36, 39, 40, 42, 44, 54, 55, 57, 58, 60], "excluded_lines": [], "start_line": 1, "executed_branches": [], "missing_branches": [[25, 29], [25, 60], [30, 35], [30, 42], [35, 36], [35, 39]]}, "take.takeUpToNumLeft": {"executed_lines": [], "summary": {"covered_lines": 0, "num_statements": 8, "percent_covered": 0.0, "percent_covered_display": "0", "missing_lines": 8, "excluded_lines": 0, "percent_statements_covered": 0.0, "percent_statements_covered_display": "0", "num_branches": 2, "num_partial_branches": 0, "covered_branches": 0, "missing_branches": 2, "percent_branches_covered": 0.0, "percent_branches_covered_display": "0"}, "missing_lines": [45, 46, 47, 48, 49, 50, 51, 52], "excluded_lines": [], "start_line": 44, "executed_branches": [], "missing_branches": [[47, -44], [47, 48]]}, "": {"executed_lines": [], "summary": {"covered_lines": 0, "num_statements": 1, "percent_covered": 0.0, "percent_covered_display": "0", "missing_lines": 1, "excluded_lines": 0, "percent_statements_covered": 0.0, "percent_statements_covered_display": "0", "num_branches": 0, "num_partial_branches": 0, "covered_branches": 0, "missing_branches": 0, "percent_branches_covered": 100.0, "percent_branches_covered_display": "100"}, "missing_lines": [1], "excluded_lines": [], "start_line": 1, "executed_branches": [], "missing_branches": []}}, "classes": {"": {"executed_lines": [], "summary": {"covered_lines": 0, "num_statements": 26, "percent_covered": 0.0, "percent_covered_display": "0", "missing_lines": 26, "excluded_lines": 0, "percent_statements_covered": 0.0, "percent_statements_covered_display": "0", "num_branches": 8, "num_partial_branches": 0, "covered_branches": 0, "missing_branches": 8, "percent_branches_covered": 0.0, "percent_branches_covered_display": "0"}, "missing_lines": [1, 21, 22, 23, 25, 29, 30, 35, 36, 39, 40, 42, 44, 45, 46, 47, 48, 49, 50, 51, 52, 54, 55, 57, 58, 60], "excluded_lines": [], "start_line": 1, "executed_branches": [], "missing_branches": [[25, 29], [25, 60], [30, 35], [30, 42], [35, 36], [35, 39], [47, -44], [47, 48]]}}}, "functions\\PY_006.py": {"executed_lines": [], "summary": {"covered_lines": 0, "num_statements": 9, "percent_covered": 0.0, "percent_covered_display": "0", "missing_lines": 9, "excluded_lines": 0, "percent_statements_covered": 0.0, "percent_statements_covered_display": "0", "num_branches": 8, "num_partial_branches": 0, "covered_branches": 0, "missing_branches": 8, "percent_branches_covered": 0.0, "percent_branches_covered_display": "0"}, "missing_lines": [1, 3, 4, 5, 6, 7, 8, 9, 10], "excluded_lines": [], "executed_branches": [], "missing_branches": [[3, 4], [3, 5], [5, 6], [5, 7], [7, 8], [7, 10], [8, 9], [8, 10]], "functions": {"setExecutorEnv": {"executed_lines": [], "summary": {"covered_lines": 0, "num_statements": 8, "percent_covered": 0.0, "percent_covered_display": "0", "missing_lines": 8, "excluded_lines": 0, "percent_statements_covered": 0.0, "percent_statements_covered_display": "0", "num_branches": 8, "num_partial_branches": 0, "covered_branches": 0, "missing_branches": 8, "percent_branches_covered": 0.0, "percent_branches_covered_display": "0"}, "missing_lines": [3, 4, 5, 6, 7, 8, 9, 10], "excluded_lines": [], "start_line": 1, "executed_branches": [], "missing_branches": [[3, 4], [3, 5], [5, 6], [5, 7], [7, 8], [7, 10], [8, 9], [8, 10]]}, "": {"executed_lines": [], "summary": {"covered_lines": 0, "num_statements": 1, "percent_covered": 0.0, "percent_covered_display": "0", "missing_lines": 1, "excluded_lines": 0, "percent_statements_covered": 0.0, "percent_statements_covered_display": "0", "num_branches": 0, "num_partial_branches": 0, "covered_branches": 0, "missing_branches": 0, "percent_branches_covered": 100.0, "percent_branches_covered_display": "100"}, "missing_lines": [1], "excluded_lines": [], "start_line": 1, "executed_branches": [], "missing_branches": []}}, "classes": {"": {"executed_lines": [], "summary": {"covered_lines": 0, "num_statements": 9, "percent_covered": 0.0, "percent_covered_display": "0", "missing_lines": 9, "excluded_lines": 0, "percent_statements_covered": 0.0, "percent_statements_covered_display": "0", "num_branches": 8, "num_partial_branches": 0, "covered_branches": 0, "missing_branches": 8, "percent_branches_covered": 0.0, "percent_branches_covered_display": "0"}, "missing_lines": [1, 3, 4, 5, 6, 7, 8, 9, 10], "excluded_lines": [], "start_line": 1, "executed_branches": [], "missing_branches": [[3, 4], [3, 5], [5, 6], [5, 7], [7, 8], [7, 10], [8, 9], [8, 10]]}}}, "functions\\PY_007.py": {"executed_lines": [], "summary": {"covered_lines": 0, "num_statements": 12, "percent_covered": 0.0, "percent_covered_display": "0", "missing_lines": 12, "excluded_lines": 0, "percent_statements_covered": 0.0, "percent_statements_covered_display": "0", "num_branches": 10, "num_partial_branches": 0, "covered_branches": 0, "missing_branches": 10, "percent_branches_covered": 0.0, "percent_branches_covered_display": "0"}, "missing_lines": [1, 3, 4, 5, 6, 7, 9, 10, 11, 13, 14, 16], "excluded_lines": [], "executed_branches": [], "missing_branches": [[3, 4], [3, 13], [4, 5], [4, 9], [5, 6], [5, 7], [9, 10], [9, 11], [13, 14], [13, 16]], "functions": {"get": {"executed_lines": [], "summary": {"covered_lines": 0, "num_statements": 11, "percent_covered": 0.0, "percent_covered_display": "0", "missing_lines": 11, "excluded_lines": 0, "percent_statements_covered": 0.0, "percent_statements_covered_display": "0", "num_branches": 10, "num_partial_branches": 0, "covered_branches": 0, "missing_branches": 10, "percent_branches_covered": 0.0, "percent_branches_covered_display": "0"}, "missing_lines": [3, 4, 5, 6, 7, 9, 10, 11, 13, 14, 16], "excluded_lines": [], "start_line": 1, "executed_branches": [], "missing_branches": [[3, 4], [3, 13], [4, 5], [4, 9], [5, 6], [5, 7], [9, 10], [9, 11], [13, 14], [13, 16]]}, "": {"executed_lines": [], "summary": {"covered_lines": 0, "num_statements": 1, "percent_covered": 0.0, "percent_covered_display": "0", "missing_lines": 1, "excluded_lines": 0, "percent_statements_covered": 0.0, "percent_statements_covered_display": "0", "num_branches": 0, "num_partial_branches": 0, "covered_branches": 0, "missing_branches": 0, "percent_branches_covered": 100.0, "percent_branches_covered_display": "100"}, "missing_lines": [1], "excluded_lines": [], "start_line": 1, "executed_branches": [], "missing_branches": []}}, "classes": {"": {"executed_lines": [], "summary": {"covered_lines": 0, "num_statements": 12, "percent_covered": 0.0, "percent_covered_display": "0", "missing_lines": 12, "excluded_lines": 0, "percent_statements_covered": 0.0, "percent_statements_covered_display": "0", "num_branches": 10, "num_partial_branches": 0, "covered_branches": 0, "missing_branches": 10, "percent_branches_covered": 0.0, "percent_branches_covered_display": "0"}, "missing_lines": [1, 3, 4, 5, 6, 7, 9, 10, 11, 13, 14, 16], "excluded_lines": [], "start_line": 1, "executed_branches": [], "missing_branches": [[3, 4], [3, 13], [4, 5], [4, 9], [5, 6], [5, 7], [9, 10], [9, 11], [13, 14], [13, 16]]}}}, "functions\\PY_008.py": {"executed_lines": [], "summary": {"covered_lines": 0, "num_statements": 11, "percent_covered": 0.0, "percent_covered_display": "0", "missing_lines": 11, "excluded_lines": 0, "percent_statements_covered": 0.0, "percent_statements_covered_display": "0", "num_branches": 10, "num_partial_branches": 0, "covered_branches": 0, "missing_branches": 10, "percent_branches_covered": 0.0, "percent_branches_covered_display": "0"}, "missing_lines": [1, 5, 7, 8, 9, 10, 11, 12, 13, 14, 15], "excluded_lines": [], "executed_branches": [], "missing_branches": [[5, 7], [5, 15], [7, 8], [7, 9], [9, 5], [9, 10], [10, 5], [10, 11], [12, 10], [12, 13]], "functions": {"inherit_doc": {"executed_lines": [], "summary": {"covered_lines": 0, "num_statements": 10, "percent_covered": 0.0, "percent_covered_display": "0", "missing_lines": 10, "excluded_lines": 0, "percent_statements_covered": 0.0, "percent_statements_covered_display": "0", "num_branches": 10, "num_partial_branches": 0, "covered_branches": 0, "missing_branches": 10, "percent_branches_covered": 0.0, "percent_branches_covered_display": "0"}, "missing_lines": [5, 7, 8, 9, 10, 11, 12, 13, 14, 15], "excluded_lines": [], "start_line": 1, "executed_branches": [], "missing_branches": [[5, 7], [5, 15], [7, 8], [7, 9], [9, 5], [9, 10], [10, 5], [10, 11], [12, 10], [12, 13]]}, "": {"executed_lines": [], "summary": {"covered_lines": 0, "num_statements": 1, "percent_covered": 0.0, "percent_covered_display": "0", "missing_lines": 1, "excluded_lines": 0, "percent_statements_covered": 0.0, "percent_statements_covered_display": "0", "num_branches": 0, "num_partial_branches": 0, "covered_branches": 0, "missing_branches": 0, "percent_branches_covered": 100.0, "percent_branches_covered_display": "100"}, "missing_lines": [1], "excluded_lines": [], "start_line": 1, "executed_branches": [], "missing_branches": []}}, "classes": {"": {"executed_lines": [], "summary": {"covered_lines": 0, "num_statements": 11, "percent_covered": 0.0, "percent_covered_display": "0", "missing_lines": 11, "excluded_lines": 0, "percent_statements_covered": 0.0, "percent_statements_covered_display": "0", "num_branches": 10, "num_partial_branches": 0, "covered_branches": 0, "missing_branches": 10, "percent_branches_covered": 0.0, "percent_branches_covered_display": "0"}, "missing_lines": [1, 5, 7, 8, 9, 10, 11, 12, 13, 14, 15], "excluded_lines": [], "start_line": 1, "executed_branches": [], "missing_branches": [[5, 7], [5, 15], [7, 8], [7, 9], [9, 5], [9, 10], [10, 5], [10, 11], [12, 10], [12, 13]]}}}, "functions\\PY_009.py": {"executed_lines": [], "summary": {"covered_lines": 0, "num_statements": 11, "percent_covered": 0.0, "percent_covered_display": "0", "missing_lines": 11, "excluded_lines": 0, "percent_statements_covered": 0.0, "percent_statements_covered_display": "0", "num_branches": 8, "num_partial_branches": 0, "covered_branches": 0, "missing_branches": 8, "percent_branches_covered": 0.0, "percent_branches_covered_display": "0"}, "missing_lines": [1, 20, 21, 22, 23, 24, 25, 26, 27, 29, 31], "excluded_lines": [], "executed_branches": [], "missing_branches": [[20, 21], [20, 22], [22, 23], [22, 24], [25, 26], [25, 31], [26, 27], [26, 29]], "functions": {"load": {"executed_lines": [], "summary": {"covered_lines": 0, "num_statements": 10, "percent_covered": 0.0, "percent_covered_display": "0", "missing_lines": 10, "excluded_lines": 0, "percent_statements_covered": 0.0, "percent_statements_covered_display": "0", "num_branches": 8, "num_partial_branches": 0, "covered_branches": 0, "missing_branches": 8, "percent_branches_covered": 0.0, "percent_branches_covered_display": "0"}, "missing_lines": [20, 21, 22, 23, 24, 25, 26, 27, 29, 31], "excluded_lines": [], "start_line": 1, "executed_branches": [], "missing_branches": [[20, 21], [20, 22], [22, 23], [22, 24], [25, 26], [25, 31], [26, 27], [26, 29]]}, "": {"executed_lines": [], "summary": {"covered_lines": 0, "num_statements": 1, "percent_covered": 0.0, "percent_covered_display": "0", "missing_lines": 1, "excluded_lines": 0, "percent_statements_covered": 0.0, "percent_statements_covered_display": "0", "num_branches": 0, "num_partial_branches": 0, "covered_branches": 0, "missing_branches": 0, "percent_branches_covered": 100.0, "percent_branches_covered_display": "100"}, "missing_lines": [1], "excluded_lines": [], "start_line": 1, "executed_branches": [], "missing_branches": []}}, "classes": {"": {"executed_lines": [], "summary": {"covered_lines": 0, "num_statements": 11, "percent_covered": 0.0, "percent_covered_display": "0", "missing_lines": 11, "excluded_lines": 0, "percent_statements_covered": 0.0, "percent_statements_covered_display": "0", "num_branches": 8, "num_partial_branches": 0, "covered_branches": 0, "missing_branches": 8, "percent_branches_covered": 0.0, "percent_branches_covered_display": "0"}, "missing_lines": [1, 20, 21, 22, 23, 24, 25, 26, 27, 29, 31], "excluded_lines": [], "start_line": 1, "executed_branches": [], "missing_branches": [[20, 21], [20, 22], [22, 23], [22, 24], [25, 26], [25, 31], [26, 27], [26, 29]]}}}, "functions\\PY_011.py": {"executed_lines": [], "summary": {"covered_lines": 0, "num_statements": 8, "percent_covered": 0.0, "percent_covered_display": "0", "missing_lines": 8, "excluded_lines": 0, "percent_statements_covered": 0.0, "percent_statements_covered_display": "0", "num_branches": 0, "num_partial_branches": 0, "covered_branches": 0, "missing_branches": 0, "percent_branches_covered": 100.0, "percent_branches_covered_display": "100"}, "missing_lines": [1, 4, 52, 54, 56, 58, 60, 64], "excluded_lines": [], "executed_branches": [], "missing_branches": [], "functions": {"get_top_cluster_params": {"executed_lines": [], "summary": {"covered_lines": 0, "num_statements": 6, "percent_covered": 0.0, "percent_covered_display": "0", "missing_lines": 6, "excluded_lines": 0, "percent_statements_covered": 0.0, "percent_statements_covered_display": "0", "num_branches": 0, "num_partial_branches": 0, "covered_branches": 0, "missing_branches": 0, "percent_branches_covered": 100.0, "percent_branches_covered_display": "100"}, "missing_lines": [52, 54, 56, 58, 60, 64], "excluded_lines": [], "start_line": 4, "executed_branches": [], "missing_branches": []}, "": {"executed_lines": [], "summary": {"covered_lines": 0, "num_statements": 2, "percent_covered": 0.0, "percent_covered_display": "0", "missing_lines": 2, "excluded_lines": 0, "percent_statements_covered": 0.0, "percent_statements_covered_display": "0", "num_branches": 0, "num_partial_branches": 0, "covered_branches": 0, "missing_branches": 0, "percent_branches_covered": 100.0, "percent_branches_covered_display": "100"}, "missing_lines": [1, 4], "excluded_lines": [], "start_line": 1, "executed_branches": [], "missing_branches": []}}, "classes": {"": {"executed_lines": [], "summary": {"covered_lines": 0, "num_statements": 8, "percent_covered": 0.0, "percent_covered_display": "0", "missing_lines": 8, "excluded_lines": 0, "percent_statements_covered": 0.0, "percent_statements_covered_display": "0", "num_branches": 0, "num_partial_branches": 0, "covered_branches": 0, "missing_branches": 0, "percent_branches_covered": 100.0, "percent_branches_covered_display": "100"}, "missing_lines": [1, 4, 52, 54, 56, 58, 60, 64], "excluded_lines": [], "start_line": 1, "executed_branches": [], "missing_branches": []}}}, "functions\\PY_015.py": {"executed_lines": [], "summary": {"covered_lines": 0, "num_statements": 21, "percent_covered": 0.0, "percent_covered_display": "0", "missing_lines": 21, "excluded_lines": 0, "percent_statements_covered": 0.0, "percent_statements_covered_display": "0", "num_branches": 10, "num_partial_branches": 0, "covered_branches": 0, "missing_branches": 10, "percent_branches_covered": 0.0, "percent_branches_covered_display": "0"}, "missing_lines": [1, 3, 5, 7, 9, 11, 13, 15, 17, 19, 25, 29, 33, 35, 37, 39, 43, 45, 47, 49, 53], "excluded_lines": [], "executed_branches": [], "missing_branches": [[7, 9], [7, 19], [9, 7], [9, 11], [35, 37], [35, 47], [37, 39], [37, 43], [47, 49], [47, 53]], "functions": {"check_cluster_structure": {"executed_lines": [], "summary": {"covered_lines": 0, "num_statements": 20, "percent_covered": 0.0, "percent_covered_display": "0", "missing_lines": 20, "excluded_lines": 0, "percent_statements_covered": 0.0, "percent_statements_covered_display": "0", "num_branches": 10, "num_partial_branches": 0, "covered_branches": 0, "missing_branches": 10, "percent_branches_covered": 0.0, "percent_branches_covered_display": "0"}, "missing_lines": [3, 5, 7, 9, 11, 13, 15, 17, 19, 25, 29, 33, 35, 37, 39, 43, 45, 47, 49, 53], "excluded_lines": [], "start_line": 1, "executed_branches": [], "missing_branches": [[7, 9], [7, 19], [9, 7], [9, 11], [35, 37], [35, 47], [37, 39], [37, 43], [47, 49], [47, 53]]}, "": {"executed_lines": [], "summary": {"covered_lines": 0, "num_statements": 1, "percent_covered": 0.0, "percent_covered_display": "0", "missing_lines": 1, "excluded_lines": 0, "percent_statements_covered": 0.0, "percent_statements_covered_display": "0", "num_branches": 0, "num_partial_branches": 0, "covered_branches": 0, "missing_branches": 0, "percent_branches_covered": 100.0, "percent_branches_covered_display": "100"}, "missing_lines": [1], "excluded_lines": [], "start_line": 1, "executed_branches": [], "missing_branches": []}}, "classes": {"": {"executed_lines": [], "summary": {"covered_lines": 0, "num_statements": 21, "percent_covered": 0.0, "percent_covered_display": "0", "missing_lines": 21, "excluded_lines": 0, "percent_statements_covered": 0.0, "percent_statements_covered_display": "0", "num_branches": 10, "num_partial_branches": 0, "covered_branches": 0, "missing_branches": 10, "percent_branches_covered": 0.0, "percent_branches_covered_display": "0"}, "missing_lines": [1, 3, 5, 7, 9, 11, 13, 15, 17, 19, 25, 29, 33, 35, 37, 39, 43, 45, 47, 49, 53], "excluded_lines": [], "start_line": 1, "executed_branches": [], "missing_branches": [[7, 9], [7, 19], [9, 7], [9, 11], [35, 37], [35, 47], [37, 39], [37, 43], [47, 49], [47, 53]]}}}, "functions\\PY_016.py": {"executed_lines": [], "summary": {"covered_lines": 0, "num_statements": 19, "percent_covered": 0.0, "percent_covered_display": "0", "missing_lines": 19, "excluded_lines": 0, "percent_statements_covered": 0.0, "percent_statements_covered_display": "0", "num_branches": 10, "num_partial_branches": 0, "covered_branches": 0, "missing_branches": 10, "percent_branches_covered": 0.0, "percent_branches_covered_display": "0"}, "missing_lines": [1, 14, 15, 16, 18, 19, 20, 21, 23, 26, 27, 29, 30, 32, 33, 36, 40, 41, 42], "excluded_lines": [], "executed_branches": [], "missing_branches": [[14, 15], [14, 23], [15, 16], [15, 18], [26, 27], [26, 29], [29, 30], [29, 32], [32, 33], [32, 36]], "functions": {"reindex_indexer": {"executed_lines": [], "summary": {"covered_lines": 0, "num_statements": 18, "percent_covered": 0.0, "percent_covered_display": "0", "missing_lines": 18, "excluded_lines": 0, "percent_statements_covered": 0.0, "percent_statements_covered_display": "0", "num_branches": 10, "num_partial_branches": 0, "covered_branches": 0, "missing_branches": 10, "percent_branches_covered": 0.0, "percent_branches_covered_display": "0"}, "missing_lines": [14, 15, 16, 18, 19, 20, 21, 23, 26, 27, 29, 30, 32, 33, 36, 40, 41, 42], "excluded_lines": [], "start_line": 1, "executed_branches": [], "missing_branches": [[14, 15], [14, 23], [15, 16], [15, 18], [26, 27], [26, 29], [29, 30], [29, 32], [32, 33], [32, 36]]}, "": {"executed_lines": [], "summary": {"covered_lines": 0, "num_statements": 1, "percent_covered": 0.0, "percent_covered_display": "0", "missing_lines": 1, "excluded_lines": 0, "percent_statements_covered": 0.0, "percent_statements_covered_display": "0", "num_branches": 0, "num_partial_branches": 0, "covered_branches": 0, "missing_branches": 0, "percent_branches_covered": 100.0, "percent_branches_covered_display": "100"}, "missing_lines": [1], "excluded_lines": [], "start_line": 1, "executed_branches": [], "missing_branches": []}}, "classes": {"": {"executed_lines": [], "summary": {"covered_lines": 0, "num_statements": 19, "percent_covered": 0.0, "percent_covered_display": "0", "missing_lines": 19, "excluded_lines": 0, "percent_statements_covered": 0.0, "percent_statements_covered_display": "0", "num_branches": 10, "num_partial_branches": 0, "covered_branches": 0, "missing_branches": 10, "percent_branches_covered": 0.0, "percent_branches_covered_display": "0"}, "missing_lines": [1, 14, 15, 16, 18, 19, 20, 21, 23, 26, 27, 29, 30, 32, 33, 36, 40, 41, 42], "excluded_lines": [], "start_line": 1, "executed_branches": [], "missing_branches": [[14, 15], [14, 23], [15, 16], [15, 18], [26, 27], [26, 29], [29, 30], [29, 32], [32, 33], [32, 36]]}}}, "functions\\PY_020.py": {"executed_lines": [], "summary": {"covered_lines": 0, "num_statements": 32, "percent_covered": 0.0, "percent_covered_display": "0", "missing_lines": 32, "excluded_lines": 0, "percent_statements_covered": 0.0, "percent_statements_covered_display": "0", "num_branches": 6, "num_partial_branches": 0, "covered_branches": 0, "missing_branches": 6, "percent_branches_covered": 0.0, "percent_branches_covered_display": "0"}, "missing_lines": [1, 2, 3, 4, 5, 6, 9, 11, 13, 17, 23, 27, 29, 33, 35, 37, 39, 45, 47, 51, 53, 57, 59, 61, 63, 65, 67, 69, 71, 73, 77, 79], "excluded_lines": [], "executed_branches": [], "missing_branches": [[33, 35], [33, 45], [35, 33], [35, 37], [71, 73], [71, 77]], "functions": {"tsne_plot": {"executed_lines": [], "summary": {"covered_lines": 0, "num_statements": 25, "percent_covered": 0.0, "percent_covered_display": "0", "missing_lines": 25, "excluded_lines": 0, "percent_statements_covered": 0.0, "percent_statements_covered_display": "0", "num_branches": 6, "num_partial_branches": 0, "covered_branches": 0, "missing_branches": 6, "percent_branches_covered": 0.0, "percent_branches_covered_display": "0"}, "missing_lines": [11, 13, 17, 23, 27, 29, 33, 35, 37, 39, 45, 47, 51, 53, 57, 59, 61, 63, 65, 67, 69, 71, 73, 77, 79], "excluded_lines": [], "start_line": 9, "executed_branches": [], "missing_branches": [[33, 35], [33, 45], [35, 33], [35, 37], [71, 73], [71, 77]]}, "": {"executed_lines": [], "summary": {"covered_lines": 0, "num_statements": 7, "percent_covered": 0.0, "percent_covered_display": "0", "missing_lines": 7, "excluded_lines": 0, "percent_statements_covered": 0.0, "percent_statements_covered_display": "0", "num_branches": 0, "num_partial_branches": 0, "covered_branches": 0, "missing_branches": 0, "percent_branches_covered": 100.0, "percent_branches_covered_display": "100"}, "missing_lines": [1, 2, 3, 4, 5, 6, 9], "excluded_lines": [], "start_line": 1, "executed_branches": [], "missing_branches": []}}, "classes": {"": {"executed_lines": [], "summary": {"covered_lines": 0, "num_statements": 32, "percent_covered": 0.0, "percent_covered_display": "0", "missing_lines": 32, "excluded_lines": 0, "percent_statements_covered": 0.0, "percent_statements_covered_display": "0", "num_branches": 6, "num_partial_branches": 0, "covered_branches": 0, "missing_branches": 6, "percent_branches_covered": 0.0, "percent_branches_covered_display": "0"}, "missing_lines": [1, 2, 3, 4, 5, 6, 9, 11, 13, 17, 23, 27, 29, 33, 35, 37, 39, 45, 47, 51, 53, 57, 59, 61, 63, 65, 67, 69, 71, 73, 77, 79], "excluded_lines": [], "start_line": 1, "executed_branches": [], "missing_branches": [[33, 35], [33, 45], [35, 33], [35, 37], [71, 73], [71, 77]]}}}, "functions\\PY_021.py": {"executed_lines": [], "summary": {"covered_lines": 0, "num_statements": 21, "percent_covered": 0.0, "percent_covered_display": "0", "missing_lines": 21, "excluded_lines": 0, "percent_statements_covered": 0.0, "percent_statements_covered_display": "0", "num_branches": 2, "num_partial_branches": 0, "covered_branches": 0, "missing_branches": 2, "percent_branches_covered": 0.0, "percent_branches_covered_display": "0"}, "missing_lines": [1, 4, 8, 10, 14, 16, 22, 24, 30, 32, 34, 36, 38, 40, 46, 48, 50, 52, 58, 88, 96], "excluded_lines": [], "executed_branches": [], "missing_branches": [[32, 34], [32, 46]], "functions": {"mol_relocation_plots": {"executed_lines": [], "summary": {"covered_lines": 0, "num_statements": 19, "percent_covered": 0.0, "percent_covered_display": "0", "missing_lines": 19, "excluded_lines": 0, "percent_statements_covered": 0.0, "percent_statements_covered_display": "0", "num_branches": 2, "num_partial_branches": 0, "covered_branches": 0, "missing_branches": 2, "percent_branches_covered": 0.0, "percent_branches_covered_display": "0"}, "missing_lines": [8, 10, 14, 16, 22, 24, 30, 32, 34, 36, 38, 40, 46, 48, 50, 52, 58, 88, 96], "excluded_lines": [], "start_line": 4, "executed_branches": [], "missing_branches": [[32, 34], [32, 46]]}, "": {"executed_lines": [], "summary": {"covered_lines": 0, "num_statements": 2, "percent_covered": 0.0, "percent_covered_display": "0", "missing_lines": 2, "excluded_lines": 0, "percent_statements_covered": 0.0, "percent_statements_covered_display": "0", "num_branches": 0, "num_partial_branches": 0, "covered_branches": 0, "missing_branches": 0, "percent_branches_covered": 100.0, "percent_branches_covered_display": "100"}, "missing_lines": [1, 4], "excluded_lines": [], "start_line": 1, "executed_branches": [], "missing_branches": []}}, "classes": {"": {"executed_lines": [], "summary": {"covered_lines": 0, "num_statements": 21, "percent_covered": 0.0, "percent_covered_display": "0", "missing_lines": 21, "excluded_lines": 0, "percent_statements_covered": 0.0, "percent_statements_covered_display": "0", "num_branches": 2, "num_partial_branches": 0, "covered_branches": 0, "missing_branches": 2, "percent_branches_covered": 0.0, "percent_branches_covered_display": "0"}, "missing_lines": [1, 4, 8, 10, 14, 16, 22, 24, 30, 32, 34, 36, 38, 40, 46, 48, 50, 52, 58, 88, 96], "excluded_lines": [], "start_line": 1, "executed_branches": [], "missing_branches": [[32, 34], [32, 46]]}}}, "functions\\PY_023.py": {"executed_lines": [], "summary": {"covered_lines": 0, "num_statements": 32, "percent_covered": 0.0, "percent_covered_display": "0", "missing_lines": 32, "excluded_lines": 0, "percent_statements_covered": 0.0, "percent_statements_covered_display": "0", "num_branches": 8, "num_partial_branches": 0, "covered_branches": 0, "missing_branches": 8, "percent_branches_covered": 0.0, "percent_branches_covered_display": "0"}, "missing_lines": [1, 2, 3, 4, 7, 9, 13, 15, 21, 27, 33, 39, 45, 47, 53, 59, 61, 67, 69, 71, 73, 81, 83, 85, 87, 89, 93, 97, 103, 105, 109, 115], "excluded_lines": [], "executed_branches": [], "missing_branches": [[13, 15], [13, 21], [45, 47], [45, 53], [59, 61], [59, 67], [103, 105], [103, 109]], "functions": {"init_plot": {"executed_lines": [], "summary": {"covered_lines": 0, "num_statements": 27, "percent_covered": 0.0, "percent_covered_display": "0", "missing_lines": 27, "excluded_lines": 0, "percent_statements_covered": 0.0, "percent_statements_covered_display": "0", "num_branches": 8, "num_partial_branches": 0, "covered_branches": 0, "missing_branches": 8, "percent_branches_covered": 0.0, "percent_branches_covered_display": "0"}, "missing_lines": [9, 13, 15, 21, 27, 33, 39, 45, 47, 53, 59, 61, 67, 69, 71, 73, 81, 83, 85, 87, 89, 93, 97, 103, 105, 109, 115], "excluded_lines": [], "start_line": 7, "executed_branches": [], "missing_branches": [[13, 15], [13, 21], [45, 47], [45, 53], [59, 61], [59, 67], [103, 105], [103, 109]]}, "": {"executed_lines": [], "summary": {"covered_lines": 0, "num_statements": 5, "percent_covered": 0.0, "percent_covered_display": "0", "missing_lines": 5, "excluded_lines": 0, "percent_statements_covered": 0.0, "percent_statements_covered_display": "0", "num_branches": 0, "num_partial_branches": 0, "covered_branches": 0, "missing_branches": 0, "percent_branches_covered": 100.0, "percent_branches_covered_display": "100"}, "missing_lines": [1, 2, 3, 4, 7], "excluded_lines": [], "start_line": 1, "executed_branches": [], "missing_branches": []}}, "classes": {"": {"executed_lines": [], "summary": {"covered_lines": 0, "num_statements": 32, "percent_covered": 0.0, "percent_covered_display": "0", "missing_lines": 32, "excluded_lines": 0, "percent_statements_covered": 0.0, "percent_statements_covered_display": "0", "num_branches": 8, "num_partial_branches": 0, "covered_branches": 0, "missing_branches": 8, "percent_branches_covered": 0.0, "percent_branches_covered_display": "0"}, "missing_lines": [1, 2, 3, 4, 7, 9, 13, 15, 21, 27, 33, 39, 45, 47, 53, 59, 61, 67, 69, 71, 73, 81, 83, 85, 87, 89, 93, 97, 103, 105, 109, 115], "excluded_lines": [], "start_line": 1, "executed_branches": [], "missing_branches": [[13, 15], [13, 21], [45, 47], [45, 53], [59, 61], [59, 67], [103, 105], [103, 109]]}}}, "functions\\PY_025.py": {"executed_lines": [], "summary": {"covered_lines": 0, "num_statements": 28, "percent_covered": 0.0, "percent_covered_display": "0", "missing_lines": 28, "excluded_lines": 0, "percent_statements_covered": 0.0, "percent_statements_covered_display": "0", "num_branches": 16, "num_partial_branches": 0, "covered_branches": 0, "missing_branches": 16, "percent_branches_covered": 0.0, "percent_branches_covered_display": "0"}, "missing_lines": [1, 5, 7, 9, 12, 16, 17, 18, 21, 26, 27, 31, 34, 35, 36, 42, 43, 44, 59, 60, 61, 62, 63, 64, 66, 67, 68, 71], "excluded_lines": [], "executed_branches": [], "missing_branches": [[7, 9], [7, 34], [12, 16], [12, 31], [17, 18], [17, 21], [26, 12], [26, 27], [34, 35], [34, 42], [42, 43], [42, 59], [59, 60], [59, 66], [62, 63], [62, 68]], "functions": {"build_tf_to_pytorch_map": {"executed_lines": [], "summary": {"covered_lines": 0, "num_statements": 27, "percent_covered": 0.0, "percent_covered_display": "0", "missing_lines": 27, "excluded_lines": 0, "percent_statements_covered": 0.0, "percent_statements_covered_display": "0", "num_branches": 16, "num_partial_branches": 0, "covered_branches": 0, "missing_branches": 16, "percent_branches_covered": 0.0, "percent_branches_covered_display": "0"}, "missing_lines": [5, 7, 9, 12, 16, 17, 18, 21, 26, 27, 31, 34, 35, 36, 42, 43, 44, 59, 60, 61, 62, 63, 64, 66, 67, 68, 71], "excluded_lines": [], "start_line": 1, "executed_branches": [], "missing_branches": [[7, 9], [7, 34], [12, 16], [12, 31], [17, 18], [17, 21], [26, 12], [26, 27], [34, 35], [34, 42], [42, 43], [42, 59], [59, 60], [59, 66], [62, 63], [62, 68]]}, "": {"executed_lines": [], "summary": {"covered_lines": 0, "num_statements": 1, "percent_covered": 0.0, "percent_covered_display": "0", "missing_lines": 1, "excluded_lines": 0, "percent_statements_covered": 0.0, "percent_statements_covered_display": "0", "num_branches": 0, "num_partial_branches": 0, "covered_branches": 0, "missing_branches": 0, "percent_branches_covered": 100.0, "percent_branches_covered_display": "100"}, "missing_lines": [1], "excluded_lines": [], "start_line": 1, "executed_branches": [], "missing_branches": []}}, "classes": {"": {"executed_lines": [], "summary": {"covered_lines": 0, "num_statements": 28, "percent_covered": 0.0, "percent_covered_display": "0", "missing_lines": 28, "excluded_lines": 0, "percent_statements_covered": 0.0, "percent_statements_covered_display": "0", "num_branches": 16, "num_partial_branches": 0, "covered_branches": 0, "missing_branches": 16, "percent_branches_covered": 0.0, "percent_branches_covered_display": "0"}, "missing_lines": [1, 5, 7, 9, 12, 16, 17, 18, 21, 26, 27, 31, 34, 35, 36, 42, 43, 44, 59, 60, 61, 62, 63, 64, 66, 67, 68, 71], "excluded_lines": [], "start_line": 1, "executed_branches": [], "missing_branches": [[7, 9], [7, 34], [12, 16], [12, 31], [17, 18], [17, 21], [26, 12], [26, 27], [34, 35], [34, 42], [42, 43], [42, 59], [59, 60], [59, 66], [62, 63], [62, 68]]}}}, "functions\\PY_028.py": {"executed_lines": [], "summary": {"covered_lines": 0, "num_statements": 13, "percent_covered": 0.0, "percent_covered_display": "0", "missing_lines": 13, "excluded_lines": 0, "percent_statements_covered": 0.0, "percent_statements_covered_display": "0", "num_branches": 16, "num_partial_branches": 0, "covered_branches": 0, "missing_branches": 16, "percent_branches_covered": 0.0, "percent_branches_covered_display": "0"}, "missing_lines": [1, 4, 5, 6, 9, 10, 11, 12, 13, 14, 15, 16, 17], "excluded_lines": [], "executed_branches": [], "missing_branches": [[4, 5], [4, 9], [5, -1], [5, 6], [9, 10], [9, 12], [10, 11], [10, 12], [12, -1], [12, 13], [13, -1], [13, 14], [14, 15], [14, 16], [16, 13], [16, 17]], "functions": {"tie_weights": {"executed_lines": [], "summary": {"covered_lines": 0, "num_statements": 12, "percent_covered": 0.0, "percent_covered_display": "0", "missing_lines": 12, "excluded_lines": 0, "percent_statements_covered": 0.0, "percent_statements_covered_display": "0", "num_branches": 16, "num_partial_branches": 0, "covered_branches": 0, "missing_branches": 16, "percent_branches_covered": 0.0, "percent_branches_covered_display": "0"}, "missing_lines": [4, 5, 6, 9, 10, 11, 12, 13, 14, 15, 16, 17], "excluded_lines": [], "start_line": 1, "executed_branches": [], "missing_branches": [[4, 5], [4, 9], [5, -1], [5, 6], [9, 10], [9, 12], [10, 11], [10, 12], [12, -1], [12, 13], [13, -1], [13, 14], [14, 15], [14, 16], [16, 13], [16, 17]]}, "": {"executed_lines": [], "summary": {"covered_lines": 0, "num_statements": 1, "percent_covered": 0.0, "percent_covered_display": "0", "missing_lines": 1, "excluded_lines": 0, "percent_statements_covered": 0.0, "percent_statements_covered_display": "0", "num_branches": 0, "num_partial_branches": 0, "covered_branches": 0, "missing_branches": 0, "percent_branches_covered": 100.0, "percent_branches_covered_display": "100"}, "missing_lines": [1], "excluded_lines": [], "start_line": 1, "executed_branches": [], "missing_branches": []}}, "classes": {"": {"executed_lines": [], "summary": {"covered_lines": 0, "num_statements": 13, "percent_covered": 0.0, "percent_covered_display": "0", "missing_lines": 13, "excluded_lines": 0, "percent_statements_covered": 0.0, "percent_statements_covered_display": "0", "num_branches": 16, "num_partial_branches": 0, "covered_branches": 0, "missing_branches": 16, "percent_branches_covered": 0.0, "percent_branches_covered_display": "0"}, "missing_lines": [1, 4, 5, 6, 9, 10, 11, 12, 13, 14, 15, 16, 17], "excluded_lines": [], "start_line": 1, "executed_branches": [], "missing_branches": [[4, 5], [4, 9], [5, -1], [5, 6], [9, 10], [9, 12], [10, 11], [10, 12], [12, -1], [12, 13], [13, -1], [13, 14], [14, 15], [14, 16], [16, 13], [16, 17]]}}}, "functions\\PY_037.py": {"executed_lines": [], "summary": {"covered_lines": 0, "num_statements": 33, "percent_covered": 0.0, "percent_covered_display": "0", "missing_lines": 33, "excluded_lines": 0, "percent_statements_covered": 0.0, "percent_statements_covered_display": "0", "num_branches": 22, "num_partial_branches": 0, "covered_branches": 0, "missing_branches": 22, "percent_branches_covered": 0.0, "percent_branches_covered_display": "0"}, "missing_lines": [1, 8, 16, 17, 19, 22, 24, 25, 27, 29, 30, 32, 33, 35, 36, 37, 38, 39, 40, 42, 43, 44, 45, 46, 47, 48, 50, 51, 52, 53, 54, 55, 56], "excluded_lines": [], "executed_branches": [], "missing_branches": [[16, 17], [16, 22], [24, 25], [24, 27], [29, 30], [29, 35], [32, 33], [32, 35], [35, 36], [35, 51], [36, 37], [36, 43], [38, 39], [38, 42], [43, 44], [43, 51], [44, 45], [44, 51], [46, 47], [46, 50], [51, 52], [51, 54]], "functions": {"update": {"executed_lines": [], "summary": {"covered_lines": 0, "num_statements": 32, "percent_covered": 0.0, "percent_covered_display": "0", "missing_lines": 32, "excluded_lines": 0, "percent_statements_covered": 0.0, "percent_statements_covered_display": "0", "num_branches": 22, "num_partial_branches": 0, "covered_branches": 0, "missing_branches": 22, "percent_branches_covered": 0.0, "percent_branches_covered_display": "0"}, "missing_lines": [8, 16, 17, 19, 22, 24, 25, 27, 29, 30, 32, 33, 35, 36, 37, 38, 39, 40, 42, 43, 44, 45, 46, 47, 48, 50, 51, 52, 53, 54, 55, 56], "excluded_lines": [], "start_line": 1, "executed_branches": [], "missing_branches": [[16, 17], [16, 22], [24, 25], [24, 27], [29, 30], [29, 35], [32, 33], [32, 35], [35, 36], [35, 51], [36, 37], [36, 43], [38, 39], [38, 42], [43, 44], [43, 51], [44, 45], [44, 51], [46, 47], [46, 50], [51, 52], [51, 54]]}, "": {"executed_lines": [], "summary": {"covered_lines": 0, "num_statements": 1, "percent_covered": 0.0, "percent_covered_display": "0", "missing_lines": 1, "excluded_lines": 0, "percent_statements_covered": 0.0, "percent_statements_covered_display": "0", "num_branches": 0, "num_partial_branches": 0, "covered_branches": 0, "missing_branches": 0, "percent_branches_covered": 100.0, "percent_branches_covered_display": "100"}, "missing_lines": [1], "excluded_lines": [], "start_line": 1, "executed_branches": [], "missing_branches": []}}, "classes": {"": {"executed_lines": [], "summary": {"covered_lines": 0, "num_statements": 33, "percent_covered": 0.0, "percent_covered_display": "0", "missing_lines": 33, "excluded_lines": 0, "percent_statements_covered": 0.0, "percent_statements_covered_display": "0", "num_branches": 22, "num_partial_branches": 0, "covered_branches": 0, "missing_branches": 22, "percent_branches_covered": 0.0, "percent_branches_covered_display": "0"}, "missing_lines": [1, 8, 16, 17, 19, 22, 24, 25, 27, 29, 30, 32, 33, 35, 36, 37, 38, 39, 40, 42, 43, 44, 45, 46, 47, 48, 50, 51, 52, 53, 54, 55, 56], "excluded_lines": [], "start_line": 1, "executed_branches": [], "missing_branches": [[16, 17], [16, 22], [24, 25], [24, 27], [29, 30], [29, 35], [32, 33], [32, 35], [35, 36], [35, 51], [36, 37], [36, 43], [38, 39], [38, 42], [43, 44], [43, 51], [44, 45], [44, 51], [46, 47], [46, 50], [51, 52], [51, 54]]}}}, "functions\\PY_042.py": {"executed_lines": [], "summary": {"covered_lines": 0, "num_statements": 35, "percent_covered": 0.0, "percent_covered_display": "0", "missing_lines": 35, "excluded_lines": 0, "percent_statements_covered": 0.0, "percent_statements_covered_display": "0", "num_branches": 12, "num_partial_branches": 0, "covered_branches": 0, "missing_branches": 12, "percent_branches_covered": 0.0, "percent_branches_covered_display": "0"}, "missing_lines": [1, 4, 20, 22, 26, 30, 32, 34, 36, 38, 42, 46, 48, 50, 52, 54, 56, 60, 62, 64, 66, 68, 72, 76, 78, 82, 84, 86, 88, 90, 92, 96, 100, 102, 106], "excluded_lines": [], "executed_branches": [], "missing_branches": [[20, 22], [20, 26], [60, 62], [60, 96], [62, 64], [62, 66], [66, 68], [66, 72], [76, 60], [76, 78], [100, 102], [100, 106]], "functions": {"train": {"executed_lines": [], "summary": {"covered_lines": 0, "num_statements": 33, "percent_covered": 0.0, "percent_covered_display": "0", "missing_lines": 33, "excluded_lines": 0, "percent_statements_covered": 0.0, "percent_statements_covered_display": "0", "num_branches": 12, "num_partial_branches": 0, "covered_branches": 0, "missing_branches": 12, "percent_branches_covered": 0.0, "percent_branches_covered_display": "0"}, "missing_lines": [20, 22, 26, 30, 32, 34, 36, 38, 42, 46, 48, 50, 52, 54, 56, 60, 62, 64, 66, 68, 72, 76, 78, 82, 84, 86, 88, 90, 92, 96, 100, 102, 106], "excluded_lines": [], "start_line": 4, "executed_branches": [], "missing_branches": [[20, 22], [20, 26], [60, 62], [60, 96], [62, 64], [62, 66], [66, 68], [66, 72], [76, 60], [76, 78], [100, 102], [100, 106]]}, "": {"executed_lines": [], "summary": {"covered_lines": 0, "num_statements": 2, "percent_covered": 0.0, "percent_covered_display": "0", "missing_lines": 2, "excluded_lines": 0, "percent_statements_covered": 0.0, "percent_statements_covered_display": "0", "num_branches": 0, "num_partial_branches": 0, "covered_branches": 0, "missing_branches": 0, "percent_branches_covered": 100.0, "percent_branches_covered_display": "100"}, "missing_lines": [1, 4], "excluded_lines": [], "start_line": 1, "executed_branches": [], "missing_branches": []}}, "classes": {"": {"executed_lines": [], "summary": {"covered_lines": 0, "num_statements": 35, "percent_covered": 0.0, "percent_covered_display": "0", "missing_lines": 35, "excluded_lines": 0, "percent_statements_covered": 0.0, "percent_statements_covered_display": "0", "num_branches": 12, "num_partial_branches": 0, "covered_branches": 0, "missing_branches": 12, "percent_branches_covered": 0.0, "percent_branches_covered_display": "0"}, "missing_lines": [1, 4, 20, 22, 26, 30, 32, 34, 36, 38, 42, 46, 48, 50, 52, 54, 56, 60, 62, 64, 66, 68, 72, 76, 78, 82, 84, 86, 88, 90, 92, 96, 100, 102, 106], "excluded_lines": [], "start_line": 1, "executed_branches": [], "missing_branches": [[20, 22], [20, 26], [60, 62], [60, 96], [62, 64], [62, 66], [66, 68], [66, 72], [76, 60], [76, 78], [100, 102], [100, 106]]}}}, "functions\\PY_043.py": {"executed_lines": [], "summary": {"covered_lines": 0, "num_statements": 12, "percent_covered": 0.0, "percent_covered_display": "0", "missing_lines": 12, "excluded_lines": 0, "percent_statements_covered": 0.0, "percent_statements_covered_display": "0", "num_branches": 10, "num_partial_branches": 0, "covered_branches": 0, "missing_branches": 10, "percent_branches_covered": 0.0, "percent_branches_covered_display": "0"}, "missing_lines": [1, 19, 21, 22, 23, 24, 26, 27, 28, 31, 32, 34], "excluded_lines": [], "executed_branches": [], "missing_branches": [[21, 22], [21, 23], [23, 24], [23, 26], [26, 27], [26, 31], [27, 28], [27, 34], [31, 32], [31, 34]], "functions": {"validate_fillna_kwargs": {"executed_lines": [], "summary": {"covered_lines": 0, "num_statements": 11, "percent_covered": 0.0, "percent_covered_display": "0", "missing_lines": 11, "excluded_lines": 0, "percent_statements_covered": 0.0, "percent_statements_covered_display": "0", "num_branches": 10, "num_partial_branches": 0, "covered_branches": 0, "missing_branches": 10, "percent_branches_covered": 0.0, "percent_branches_covered_display": "0"}, "missing_lines": [19, 21, 22, 23, 24, 26, 27, 28, 31, 32, 34], "excluded_lines": [], "start_line": 1, "executed_branches": [], "missing_branches": [[21, 22], [21, 23], [23, 24], [23, 26], [26, 27], [26, 31], [27, 28], [27, 34], [31, 32], [31, 34]]}, "": {"executed_lines": [], "summary": {"covered_lines": 0, "num_statements": 1, "percent_covered": 0.0, "percent_covered_display": "0", "missing_lines": 1, "excluded_lines": 0, "percent_statements_covered": 0.0, "percent_statements_covered_display": "0", "num_branches": 0, "num_partial_branches": 0, "covered_branches": 0, "missing_branches": 0, "percent_branches_covered": 100.0, "percent_branches_covered_display": "100"}, "missing_lines": [1], "excluded_lines": [], "start_line": 1, "executed_branches": [], "missing_branches": []}}, "classes": {"": {"executed_lines": [], "summary": {"covered_lines": 0, "num_statements": 12, "percent_covered": 0.0, "percent_covered_display": "0", "missing_lines": 12, "excluded_lines": 0, "percent_statements_covered": 0.0, "percent_statements_covered_display": "0", "num_branches": 10, "num_partial_branches": 0, "covered_branches": 0, "missing_branches": 10, "percent_branches_covered": 0.0, "percent_branches_covered_display": "0"}, "missing_lines": [1, 19, 21, 22, 23, 24, 26, 27, 28, 31, 32, 34], "excluded_lines": [], "start_line": 1, "executed_branches": [], "missing_branches": [[21, 22], [21, 23], [23, 24], [23, 26], [26, 27], [26, 31], [27, 28], [27, 34], [31, 32], [31, 34]]}}}, "functions\\PY_048.py": {"executed_lines": [], "summary": {"covered_lines": 0, "num_statements": 22, "percent_covered": 0.0, "percent_covered_display": "0", "missing_lines": 22, "excluded_lines": 0, "percent_statements_covered": 0.0, "percent_statements_covered_display": "0", "num_branches": 12, "num_partial_branches": 0, "covered_branches": 0, "missing_branches": 12, "percent_branches_covered": 0.0, "percent_branches_covered_display": "0"}, "missing_lines": [1, 7, 8, 11, 14, 15, 16, 17, 20, 21, 22, 23, 24, 25, 26, 27, 28, 32, 33, 34, 35, 36], "excluded_lines": [], "executed_branches": [], "missing_branches": [[14, 15], [14, 20], [16, 14], [16, 17], [22, 23], [22, 35], [24, 22], [24, 25], [27, 28], [27, 33], [28, 27], [28, 32]], "functions": {"get_fk_many_from_list": {"executed_lines": [], "summary": {"covered_lines": 0, "num_statements": 21, "percent_covered": 0.0, "percent_covered_display": "0", "missing_lines": 21, "excluded_lines": 0, "percent_statements_covered": 0.0, "percent_statements_covered_display": "0", "num_branches": 12, "num_partial_branches": 0, "covered_branches": 0, "missing_branches": 12, "percent_branches_covered": 0.0, "percent_branches_covered_display": "0"}, "missing_lines": [7, 8, 11, 14, 15, 16, 17, 20, 21, 22, 23, 24, 25, 26, 27, 28, 32, 33, 34, 35, 36], "excluded_lines": [], "start_line": 1, "executed_branches": [], "missing_branches": [[14, 15], [14, 20], [16, 14], [16, 17], [22, 23], [22, 35], [24, 22], [24, 25], [27, 28], [27, 33], [28, 27], [28, 32]]}, "": {"executed_lines": [], "summary": {"covered_lines": 0, "num_statements": 1, "percent_covered": 0.0, "percent_covered_display": "0", "missing_lines": 1, "excluded_lines": 0, "percent_statements_covered": 0.0, "percent_statements_covered_display": "0", "num_branches": 0, "num_partial_branches": 0, "covered_branches": 0, "missing_branches": 0, "percent_branches_covered": 100.0, "percent_branches_covered_display": "100"}, "missing_lines": [1], "excluded_lines": [], "start_line": 1, "executed_branches": [], "missing_branches": []}}, "classes": {"": {"executed_lines": [], "summary": {"covered_lines": 0, "num_statements": 22, "percent_covered": 0.0, "percent_covered_display": "0", "missing_lines": 22, "excluded_lines": 0, "percent_statements_covered": 0.0, "percent_statements_covered_display": "0", "num_branches": 12, "num_partial_branches": 0, "covered_branches": 0, "missing_branches": 12, "percent_branches_covered": 0.0, "percent_branches_covered_display": "0"}, "missing_lines": [1, 7, 8, 11, 14, 15, 16, 17, 20, 21, 22, 23, 24, 25, 26, 27, 28, 32, 33, 34, 35, 36], "excluded_lines": [], "start_line": 1, "executed_branches": [], "missing_branches": [[14, 15], [14, 20], [16, 14], [16, 17], [22, 23], [22, 35], [24, 22], [24, 25], [27, 28], [27, 33], [28, 27], [28, 32]]}}}, "functions\\PY_049.py": {"executed_lines": [], "summary": {"covered_lines": 0, "num_statements": 12, "percent_covered": 0.0, "percent_covered_display": "0", "missing_lines": 12, "excluded_lines": 0, "percent_statements_covered": 0.0, "percent_statements_covered_display": "0", "num_branches": 8, "num_partial_branches": 0, "covered_branches": 0, "missing_branches": 8, "percent_branches_covered": 0.0, "percent_branches_covered_display": "0"}, "missing_lines": [1, 3, 5, 7, 9, 11, 13, 15, 17, 19, 23, 25], "excluded_lines": [], "executed_branches": [], "missing_branches": [[3, 5], [3, 7], [11, 13], [11, 25], [15, 17], [15, 23], [17, 11], [17, 19]], "functions": {"merge_intervals": {"executed_lines": [], "summary": {"covered_lines": 0, "num_statements": 11, "percent_covered": 0.0, "percent_covered_display": "0", "missing_lines": 11, "excluded_lines": 0, "percent_statements_covered": 0.0, "percent_statements_covered_display": "0", "num_branches": 8, "num_partial_branches": 0, "covered_branches": 0, "missing_branches": 8, "percent_branches_covered": 0.0, "percent_branches_covered_display": "0"}, "missing_lines": [3, 5, 7, 9, 11, 13, 15, 17, 19, 23, 25], "excluded_lines": [], "start_line": 1, "executed_branches": [], "missing_branches": [[3, 5], [3, 7], [11, 13], [11, 25], [15, 17], [15, 23], [17, 11], [17, 19]]}, "": {"executed_lines": [], "summary": {"covered_lines": 0, "num_statements": 1, "percent_covered": 0.0, "percent_covered_display": "0", "missing_lines": 1, "excluded_lines": 0, "percent_statements_covered": 0.0, "percent_statements_covered_display": "0", "num_branches": 0, "num_partial_branches": 0, "covered_branches": 0, "missing_branches": 0, "percent_branches_covered": 100.0, "percent_branches_covered_display": "100"}, "missing_lines": [1], "excluded_lines": [], "start_line": 1, "executed_branches": [], "missing_branches": []}}, "classes": {"": {"executed_lines": [], "summary": {"covered_lines": 0, "num_statements": 12, "percent_covered": 0.0, "percent_covered_display": "0", "missing_lines": 12, "excluded_lines": 0, "percent_statements_covered": 0.0, "percent_statements_covered_display": "0", "num_branches": 8, "num_partial_branches": 0, "covered_branches": 0, "missing_branches": 8, "percent_branches_covered": 0.0, "percent_branches_covered_display": "0"}, "missing_lines": [1, 3, 5, 7, 9, 11, 13, 15, 17, 19, 23, 25], "excluded_lines": [], "start_line": 1, "executed_branches": [], "missing_branches": [[3, 5], [3, 7], [11, 13], [11, 25], [15, 17], [15, 23], [17, 11], [17, 19]]}}}, "functions\\PY_050.py": {"executed_lines": [], "summary": {"covered_lines": 0, "num_statements": 15, "percent_covered": 0.0, "percent_covered_display": "0", "missing_lines": 15, "excluded_lines": 0, "percent_statements_covered": 0.0, "percent_statements_covered_display": "0", "num_branches": 8, "num_partial_branches": 0, "covered_branches": 0, "missing_branches": 8, "percent_branches_covered": 0.0, "percent_branches_covered_display": "0"}, "missing_lines": [1, 3, 5, 7, 9, 11, 13, 15, 17, 19, 21, 23, 25, 27, 29], "excluded_lines": [], "executed_branches": [], "missing_branches": [[9, 11], [9, 29], [15, 17], [15, 21], [17, 15], [17, 19], [21, 23], [21, 25]], "functions": {"schedule_tasks": {"executed_lines": [], "summary": {"covered_lines": 0, "num_statements": 14, "percent_covered": 0.0, "percent_covered_display": "0", "missing_lines": 14, "excluded_lines": 0, "percent_statements_covered": 0.0, "percent_statements_covered_display": "0", "num_branches": 8, "num_partial_branches": 0, "covered_branches": 0, "missing_branches": 8, "percent_branches_covered": 0.0, "percent_branches_covered_display": "0"}, "missing_lines": [3, 5, 7, 9, 11, 13, 15, 17, 19, 21, 23, 25, 27, 29], "excluded_lines": [], "start_line": 1, "executed_branches": [], "missing_branches": [[9, 11], [9, 29], [15, 17], [15, 21], [17, 15], [17, 19], [21, 23], [21, 25]]}, "": {"executed_lines": [], "summary": {"covered_lines": 0, "num_statements": 1, "percent_covered": 0.0, "percent_covered_display": "0", "missing_lines": 1, "excluded_lines": 0, "percent_statements_covered": 0.0, "percent_statements_covered_display": "0", "num_branches": 0, "num_partial_branches": 0, "covered_branches": 0, "missing_branches": 0, "percent_branches_covered": 100.0, "percent_branches_covered_display": "100"}, "missing_lines": [1], "excluded_lines": [], "start_line": 1, "executed_branches": [], "missing_branches": []}}, "classes": {"": {"executed_lines": [], "summary": {"covered_lines": 0, "num_statements": 15, "percent_covered": 0.0, "percent_covered_display": "0", "missing_lines": 15, "excluded_lines": 0, "percent_statements_covered": 0.0, "percent_statements_covered_display": "0", "num_branches": 8, "num_partial_branches": 0, "covered_branches": 0, "missing_branches": 8, "percent_branches_covered": 0.0, "percent_branches_covered_display": "0"}, "missing_lines": [1, 3, 5, 7, 9, 11, 13, 15, 17, 19, 21, 23, 25, 27, 29], "excluded_lines": [], "start_line": 1, "executed_branches": [], "missing_branches": [[9, 11], [9, 29], [15, 17], [15, 21], [17, 15], [17, 19], [21, 23], [21, 25]]}}}, "functions\\PY_051.py": {"executed_lines": [], "summary": {"covered_lines": 0, "num_statements": 18, "percent_covered": 0.0, "percent_covered_display": "0", "missing_lines": 18, "excluded_lines": 0, "percent_statements_covered": 0.0, "percent_statements_covered_display": "0", "num_branches": 16, "num_partial_branches": 0, "covered_branches": 0, "missing_branches": 16, "percent_branches_covered": 0.0, "percent_branches_covered_display": "0"}, "missing_lines": [1, 3, 5, 7, 9, 11, 13, 15, 17, 19, 21, 23, 25, 27, 29, 31, 33, 35], "excluded_lines": [], "executed_branches": [], "missing_branches": [[5, 7], [5, 9], [9, 11], [9, 13], [13, 15], [13, 17], [17, 19], [17, 27], [19, 21], [19, 23], [23, 25], [23, 27], [27, 29], [27, 31], [31, 33], [31, 35]], "functions": {"compute_discount": {"executed_lines": [], "summary": {"covered_lines": 0, "num_statements": 17, "percent_covered": 0.0, "percent_covered_display": "0", "missing_lines": 17, "excluded_lines": 0, "percent_statements_covered": 0.0, "percent_statements_covered_display": "0", "num_branches": 16, "num_partial_branches": 0, "covered_branches": 0, "missing_branches": 16, "percent_branches_covered": 0.0, "percent_branches_covered_display": "0"}, "missing_lines": [3, 5, 7, 9, 11, 13, 15, 17, 19, 21, 23, 25, 27, 29, 31, 33, 35], "excluded_lines": [], "start_line": 1, "executed_branches": [], "missing_branches": [[5, 7], [5, 9], [9, 11], [9, 13], [13, 15], [13, 17], [17, 19], [17, 27], [19, 21], [19, 23], [23, 25], [23, 27], [27, 29], [27, 31], [31, 33], [31, 35]]}, "": {"executed_lines": [], "summary": {"covered_lines": 0, "num_statements": 1, "percent_covered": 0.0, "percent_covered_display": "0", "missing_lines": 1, "excluded_lines": 0, "percent_statements_covered": 0.0, "percent_statements_covered_display": "0", "num_branches": 0, "num_partial_branches": 0, "covered_branches": 0, "missing_branches": 0, "percent_branches_covered": 100.0, "percent_branches_covered_display": "100"}, "missing_lines": [1], "excluded_lines": [], "start_line": 1, "executed_branches": [], "missing_branches": []}}, "classes": {"": {"executed_lines": [], "summary": {"covered_lines": 0, "num_statements": 18, "percent_covered": 0.0, "percent_covered_display": "0", "missing_lines": 18, "excluded_lines": 0, "percent_statements_covered": 0.0, "percent_statements_covered_display": "0", "num_branches": 16, "num_partial_branches": 0, "covered_branches": 0, "missing_branches": 16, "percent_branches_covered": 0.0, "percent_branches_covered_display": "0"}, "missing_lines": [1, 3, 5, 7, 9, 11, 13, 15, 17, 19, 21, 23, 25, 27, 29, 31, 33, 35], "excluded_lines": [], "start_line": 1, "executed_branches": [], "missing_branches": [[5, 7], [5, 9], [9, 11], [9, 13], [13, 15], [13, 17], [17, 19], [17, 27], [19, 21], [19, 23], [23, 25], [23, 27], [27, 29], [27, 31], [31, 33], [31, 35]]}}}, "functions\\PY_052.py": {"executed_lines": [], "summary": {"covered_lines": 0, "num_statements": 13, "percent_covered": 0.0, "percent_covered_display": "0", "missing_lines": 13, "excluded_lines": 0, "percent_statements_covered": 0.0, "percent_statements_covered_display": "0", "num_branches": 8, "num_partial_branches": 0, "covered_branches": 0, "missing_branches": 8, "percent_branches_covered": 0.0, "percent_branches_covered_display": "0"}, "missing_lines": [1, 3, 5, 7, 9, 11, 13, 15, 17, 19, 21, 23, 25], "excluded_lines": [], "executed_branches": [], "missing_branches": [[3, 5], [3, 7], [13, 15], [13, 17], [17, 19], [17, 21], [21, 23], [21, 25]], "functions": {"validate_password": {"executed_lines": [], "summary": {"covered_lines": 0, "num_statements": 12, "percent_covered": 0.0, "percent_covered_display": "0", "missing_lines": 12, "excluded_lines": 0, "percent_statements_covered": 0.0, "percent_statements_covered_display": "0", "num_branches": 8, "num_partial_branches": 0, "covered_branches": 0, "missing_branches": 8, "percent_branches_covered": 0.0, "percent_branches_covered_display": "0"}, "missing_lines": [3, 5, 7, 9, 11, 13, 15, 17, 19, 21, 23, 25], "excluded_lines": [], "start_line": 1, "executed_branches": [], "missing_branches": [[3, 5], [3, 7], [13, 15], [13, 17], [17, 19], [17, 21], [21, 23], [21, 25]]}, "": {"executed_lines": [], "summary": {"covered_lines": 0, "num_statements": 1, "percent_covered": 0.0, "percent_covered_display": "0", "missing_lines": 1, "excluded_lines": 0, "percent_statements_covered": 0.0, "percent_statements_covered_display": "0", "num_branches": 0, "num_partial_branches": 0, "covered_branches": 0, "missing_branches": 0, "percent_branches_covered": 100.0, "percent_branches_covered_display": "100"}, "missing_lines": [1], "excluded_lines": [], "start_line": 1, "executed_branches": [], "missing_branches": []}}, "classes": {"": {"executed_lines": [], "summary": {"covered_lines": 0, "num_statements": 13, "percent_covered": 0.0, "percent_covered_display": "0", "missing_lines": 13, "excluded_lines": 0, "percent_statements_covered": 0.0, "percent_statements_covered_display": "0", "num_branches": 8, "num_partial_branches": 0, "covered_branches": 0, "missing_branches": 8, "percent_branches_covered": 0.0, "percent_branches_covered_display": "0"}, "missing_lines": [1, 3, 5, 7, 9, 11, 13, 15, 17, 19, 21, 23, 25], "excluded_lines": [], "start_line": 1, "executed_branches": [], "missing_branches": [[3, 5], [3, 7], [13, 15], [13, 17], [17, 19], [17, 21], [21, 23], [21, 25]]}}}, "functions\\PY_053.py": {"executed_lines": [], "summary": {"covered_lines": 0, "num_statements": 19, "percent_covered": 0.0, "percent_covered_display": "0", "missing_lines": 19, "excluded_lines": 0, "percent_statements_covered": 0.0, "percent_statements_covered_display": "0", "num_branches": 16, "num_partial_branches": 0, "covered_branches": 0, "missing_branches": 16, "percent_branches_covered": 0.0, "percent_branches_covered_display": "0"}, "missing_lines": [1, 3, 5, 7, 9, 11, 13, 15, 17, 19, 21, 23, 25, 27, 29, 31, 33, 35, 37], "excluded_lines": [], "executed_branches": [], "missing_branches": [[5, 7], [5, 9], [9, 11], [9, 13], [13, 15], [13, 17], [17, 19], [17, 21], [21, 23], [21, 25], [25, 27], [25, 29], [29, 31], [29, 33], [33, 35], [33, 37]], "functions": {"calculate_shipping": {"executed_lines": [], "summary": {"covered_lines": 0, "num_statements": 18, "percent_covered": 0.0, "percent_covered_display": "0", "missing_lines": 18, "excluded_lines": 0, "percent_statements_covered": 0.0, "percent_statements_covered_display": "0", "num_branches": 16, "num_partial_branches": 0, "covered_branches": 0, "missing_branches": 16, "percent_branches_covered": 0.0, "percent_branches_covered_display": "0"}, "missing_lines": [3, 5, 7, 9, 11, 13, 15, 17, 19, 21, 23, 25, 27, 29, 31, 33, 35, 37], "excluded_lines": [], "start_line": 1, "executed_branches": [], "missing_branches": [[5, 7], [5, 9], [9, 11], [9, 13], [13, 15], [13, 17], [17, 19], [17, 21], [21, 23], [21, 25], [25, 27], [25, 29], [29, 31], [29, 33], [33, 35], [33, 37]]}, "": {"executed_lines": [], "summary": {"covered_lines": 0, "num_statements": 1, "percent_covered": 0.0, "percent_covered_display": "0", "missing_lines": 1, "excluded_lines": 0, "percent_statements_covered": 0.0, "percent_statements_covered_display": "0", "num_branches": 0, "num_partial_branches": 0, "covered_branches": 0, "missing_branches": 0, "percent_branches_covered": 100.0, "percent_branches_covered_display": "100"}, "missing_lines": [1], "excluded_lines": [], "start_line": 1, "executed_branches": [], "missing_branches": []}}, "classes": {"": {"executed_lines": [], "summary": {"covered_lines": 0, "num_statements": 19, "percent_covered": 0.0, "percent_covered_display": "0", "missing_lines": 19, "excluded_lines": 0, "percent_statements_covered": 0.0, "percent_statements_covered_display": "0", "num_branches": 16, "num_partial_branches": 0, "covered_branches": 0, "missing_branches": 16, "percent_branches_covered": 0.0, "percent_branches_covered_display": "0"}, "missing_lines": [1, 3, 5, 7, 9, 11, 13, 15, 17, 19, 21, 23, 25, 27, 29, 31, 33, 35, 37], "excluded_lines": [], "start_line": 1, "executed_branches": [], "missing_branches": [[5, 7], [5, 9], [9, 11], [9, 13], [13, 15], [13, 17], [17, 19], [17, 21], [21, 23], [21, 25], [25, 27], [25, 29], [29, 31], [29, 33], [33, 35], [33, 37]]}}}, "functions\\PY_054.py": {"executed_lines": [], "summary": {"covered_lines": 0, "num_statements": 20, "percent_covered": 0.0, "percent_covered_display": "0", "missing_lines": 20, "excluded_lines": 0, "percent_statements_covered": 0.0, "percent_statements_covered_display": "0", "num_branches": 14, "num_partial_branches": 0, "covered_branches": 0, "missing_branches": 14, "percent_branches_covered": 0.0, "percent_branches_covered_display": "0"}, "missing_lines": [1, 3, 5, 7, 9, 11, 13, 15, 17, 19, 21, 23, 25, 27, 29, 31, 33, 35, 37, 39], "excluded_lines": [], "executed_branches": [], "missing_branches": [[5, 7], [5, 9], [11, 13], [11, 39], [13, 15], [13, 21], [15, 17], [15, 19], [21, 23], [21, 25], [25, 27], [25, 35], [27, 29], [27, 33]], "functions": {"build_query_string": {"executed_lines": [], "summary": {"covered_lines": 0, "num_statements": 19, "percent_covered": 0.0, "percent_covered_display": "0", "missing_lines": 19, "excluded_lines": 0, "percent_statements_covered": 0.0, "percent_statements_covered_display": "0", "num_branches": 14, "num_partial_branches": 0, "covered_branches": 0, "missing_branches": 14, "percent_branches_covered": 0.0, "percent_branches_covered_display": "0"}, "missing_lines": [3, 5, 7, 9, 11, 13, 15, 17, 19, 21, 23, 25, 27, 29, 31, 33, 35, 37, 39], "excluded_lines": [], "start_line": 1, "executed_branches": [], "missing_branches": [[5, 7], [5, 9], [11, 13], [11, 39], [13, 15], [13, 21], [15, 17], [15, 19], [21, 23], [21, 25], [25, 27], [25, 35], [27, 29], [27, 33]]}, "": {"executed_lines": [], "summary": {"covered_lines": 0, "num_statements": 1, "percent_covered": 0.0, "percent_covered_display": "0", "missing_lines": 1, "excluded_lines": 0, "percent_statements_covered": 0.0, "percent_statements_covered_display": "0", "num_branches": 0, "num_partial_branches": 0, "covered_branches": 0, "missing_branches": 0, "percent_branches_covered": 100.0, "percent_branches_covered_display": "100"}, "missing_lines": [1], "excluded_lines": [], "start_line": 1, "executed_branches": [], "missing_branches": []}}, "classes": {"": {"executed_lines": [], "summary": {"covered_lines": 0, "num_statements": 20, "percent_covered": 0.0, "percent_covered_display": "0", "missing_lines": 20, "excluded_lines": 0, "percent_statements_covered": 0.0, "percent_statements_covered_display": "0", "num_branches": 14, "num_partial_branches": 0, "covered_branches": 0, "missing_branches": 14, "percent_branches_covered": 0.0, "percent_branches_covered_display": "0"}, "missing_lines": [1, 3, 5, 7, 9, 11, 13, 15, 17, 19, 21, 23, 25, 27, 29, 31, 33, 35, 37, 39], "excluded_lines": [], "start_line": 1, "executed_branches": [], "missing_branches": [[5, 7], [5, 9], [11, 13], [11, 39], [13, 15], [13, 21], [15, 17], [15, 19], [21, 23], [21, 25], [25, 27], [25, 35], [27, 29], [27, 33]]}}}, "functions\\PY_055.py": {"executed_lines": [], "summary": {"covered_lines": 0, "num_statements": 20, "percent_covered": 0.0, "percent_covered_display": "0", "missing_lines": 20, "excluded_lines": 0, "percent_statements_covered": 0.0, "percent_statements_covered_display": "0", "num_branches": 18, "num_partial_branches": 0, "covered_branches": 0, "missing_branches": 18, "percent_branches_covered": 0.0, "percent_branches_covered_display": "0"}, "missing_lines": [1, 3, 5, 7, 9, 11, 13, 15, 17, 19, 21, 23, 25, 27, 29, 31, 33, 35, 39, 41], "excluded_lines": [], "executed_branches": [], "missing_branches": [[3, 5], [3, 11], [5, 7], [5, 9], [11, 13], [11, 17], [13, 15], [13, 17], [21, 23], [21, 41], [23, 25], [23, 27], [27, 29], [27, 39], [29, 31], [29, 33], [33, 21], [33, 35]], "functions": {"normalize_path": {"executed_lines": [], "summary": {"covered_lines": 0, "num_statements": 19, "percent_covered": 0.0, "percent_covered_display": "0", "missing_lines": 19, "excluded_lines": 0, "percent_statements_covered": 0.0, "percent_statements_covered_display": "0", "num_branches": 18, "num_partial_branches": 0, "covered_branches": 0, "missing_branches": 18, "percent_branches_covered": 0.0, "percent_branches_covered_display": "0"}, "missing_lines": [3, 5, 7, 9, 11, 13, 15, 17, 19, 21, 23, 25, 27, 29, 31, 33, 35, 39, 41], "excluded_lines": [], "start_line": 1, "executed_branches": [], "missing_branches": [[3, 5], [3, 11], [5, 7], [5, 9], [11, 13], [11, 17], [13, 15], [13, 17], [21, 23], [21, 41], [23, 25], [23, 27], [27, 29], [27, 39], [29, 31], [29, 33], [33, 21], [33, 35]]}, "": {"executed_lines": [], "summary": {"covered_lines": 0, "num_statements": 1, "percent_covered": 0.0, "percent_covered_display": "0", "missing_lines": 1, "excluded_lines": 0, "percent_statements_covered": 0.0, "percent_statements_covered_display": "0", "num_branches": 0, "num_partial_branches": 0, "covered_branches": 0, "missing_branches": 0, "percent_branches_covered": 100.0, "percent_branches_covered_display": "100"}, "missing_lines": [1], "excluded_lines": [], "start_line": 1, "executed_branches": [], "missing_branches": []}}, "classes": {"": {"executed_lines": [], "summary": {"covered_lines": 0, "num_statements": 20, "percent_covered": 0.0, "percent_covered_display": "0", "missing_lines": 20, "excluded_lines": 0, "percent_statements_covered": 0.0, "percent_statements_covered_display": "0", "num_branches": 18, "num_partial_branches": 0, "covered_branches": 0, "missing_branches": 18, "percent_branches_covered": 0.0, "percent_branches_covered_display": "0"}, "missing_lines": [1, 3, 5, 7, 9, 11, 13, 15, 17, 19, 21, 23, 25, 27, 29, 31, 33, 35, 39, 41], "excluded_lines": [], "start_line": 1, "executed_branches": [], "missing_branches": [[3, 5], [3, 11], [5, 7], [5, 9], [11, 13], [11, 17], [13, 15], [13, 17], [21, 23], [21, 41], [23, 25], [23, 27], [27, 29], [27, 39], [29, 31], [29, 33], [33, 21], [33, 35]]}}}, "functions\\PY_056.py": {"executed_lines": [], "summary": {"covered_lines": 0, "num_statements": 30, "percent_covered": 0.0, "percent_covered_display": "0", "missing_lines": 30, "excluded_lines": 0, "percent_statements_covered": 0.0, "percent_statements_covered_display": "0", "num_branches": 26, "num_partial_branches": 0, "covered_branches": 0, "missing_branches": 26, "percent_branches_covered": 0.0, "percent_branches_covered_display": "0"}, "missing_lines": [1, 3, 5, 7, 9, 11, 15, 17, 19, 21, 23, 25, 27, 29, 31, 33, 35, 37, 39, 41, 43, 45, 47, 49, 51, 53, 55, 57, 59, 63], "excluded_lines": [], "executed_branches": [], "missing_branches": [[5, 7], [5, 9], [9, 11], [9, 15], [17, 19], [17, 21], [21, 23], [21, 25], [25, 27], [25, 29], [29, 31], [29, 33], [33, 35], [33, 37], [37, 39], [37, 41], [41, 43], [41, 45], [45, 47], [45, 49], [49, 51], [49, 53], [53, 55], [53, 57], [57, 59], [57, 63]], "functions": {"classify_shipment_priority": {"executed_lines": [], "summary": {"covered_lines": 0, "num_statements": 29, "percent_covered": 0.0, "percent_covered_display": "0", "missing_lines": 29, "excluded_lines": 0, "percent_statements_covered": 0.0, "percent_statements_covered_display": "0", "num_branches": 26, "num_partial_branches": 0, "covered_branches": 0, "missing_branches": 26, "percent_branches_covered": 0.0, "percent_branches_covered_display": "0"}, "missing_lines": [3, 5, 7, 9, 11, 15, 17, 19, 21, 23, 25, 27, 29, 31, 33, 35, 37, 39, 41, 43, 45, 47, 49, 51, 53, 55, 57, 59, 63], "excluded_lines": [], "start_line": 1, "executed_branches": [], "missing_branches": [[5, 7], [5, 9], [9, 11], [9, 15], [17, 19], [17, 21], [21, 23], [21, 25], [25, 27], [25, 29], [29, 31], [29, 33], [33, 35], [33, 37], [37, 39], [37, 41], [41, 43], [41, 45], [45, 47], [45, 49], [49, 51], [49, 53], [53, 55], [53, 57], [57, 59], [57, 63]]}, "": {"executed_lines": [], "summary": {"covered_lines": 0, "num_statements": 1, "percent_covered": 0.0, "percent_covered_display": "0", "missing_lines": 1, "excluded_lines": 0, "percent_statements_covered": 0.0, "percent_statements_covered_display": "0", "num_branches": 0, "num_partial_branches": 0, "covered_branches": 0, "missing_branches": 0, "percent_branches_covered": 100.0, "percent_branches_covered_display": "100"}, "missing_lines": [1], "excluded_lines": [], "start_line": 1, "executed_branches": [], "missing_branches": []}}, "classes": {"": {"executed_lines": [], "summary": {"covered_lines": 0, "num_statements": 30, "percent_covered": 0.0, "percent_covered_display": "0", "missing_lines": 30, "excluded_lines": 0, "percent_statements_covered": 0.0, "percent_statements_covered_display": "0", "num_branches": 26, "num_partial_branches": 0, "covered_branches": 0, "missing_branches": 26, "percent_branches_covered": 0.0, "percent_branches_covered_display": "0"}, "missing_lines": [1, 3, 5, 7, 9, 11, 15, 17, 19, 21, 23, 25, 27, 29, 31, 33, 35, 37, 39, 41, 43, 45, 47, 49, 51, 53, 55, 57, 59, 63], "excluded_lines": [], "start_line": 1, "executed_branches": [], "missing_branches": [[5, 7], [5, 9], [9, 11], [9, 15], [17, 19], [17, 21], [21, 23], [21, 25], [25, 27], [25, 29], [29, 31], [29, 33], [33, 35], [33, 37], [37, 39], [37, 41], [41, 43], [41, 45], [45, 47], [45, 49], [49, 51], [49, 53], [53, 55], [53, 57], [57, 59], [57, 63]]}}}, "functions\\PY_057.py": {"executed_lines": [], "summary": {"covered_lines": 0, "num_statements": 29, "percent_covered": 0.0, "percent_covered_display": "0", "missing_lines": 29, "excluded_lines": 0, "percent_statements_covered": 0.0, "percent_statements_covered_display": "0", "num_branches": 20, "num_partial_branches": 0, "covered_branches": 0, "missing_branches": 20, "percent_branches_covered": 0.0, "percent_branches_covered_display": "0"}, "missing_lines": [1, 3, 5, 7, 9, 11, 13, 15, 17, 19, 21, 23, 27, 31, 35, 37, 39, 41, 43, 45, 47, 49, 53, 55, 57, 59, 61, 63, 65], "excluded_lines": [], "executed_branches": [], "missing_branches": [[11, 13], [11, 57], [15, 17], [15, 35], [17, 19], [17, 31], [19, 21], [19, 27], [35, 37], [35, 39], [39, 41], [39, 53], [41, 43], [41, 45], [45, 47], [45, 49], [57, 59], [57, 61], [61, 63], [61, 65]], "functions": {"parse_csv_line": {"executed_lines": [], "summary": {"covered_lines": 0, "num_statements": 28, "percent_covered": 0.0, "percent_covered_display": "0", "missing_lines": 28, "excluded_lines": 0, "percent_statements_covered": 0.0, "percent_statements_covered_display": "0", "num_branches": 20, "num_partial_branches": 0, "covered_branches": 0, "missing_branches": 20, "percent_branches_covered": 0.0, "percent_branches_covered_display": "0"}, "missing_lines": [3, 5, 7, 9, 11, 13, 15, 17, 19, 21, 23, 27, 31, 35, 37, 39, 41, 43, 45, 47, 49, 53, 55, 57, 59, 61, 63, 65], "excluded_lines": [], "start_line": 1, "executed_branches": [], "missing_branches": [[11, 13], [11, 57], [15, 17], [15, 35], [17, 19], [17, 31], [19, 21], [19, 27], [35, 37], [35, 39], [39, 41], [39, 53], [41, 43], [41, 45], [45, 47], [45, 49], [57, 59], [57, 61], [61, 63], [61, 65]]}, "": {"executed_lines": [], "summary": {"covered_lines": 0, "num_statements": 1, "percent_covered": 0.0, "percent_covered_display": "0", "missing_lines": 1, "excluded_lines": 0, "percent_statements_covered": 0.0, "percent_statements_covered_display": "0", "num_branches": 0, "num_partial_branches": 0, "covered_branches": 0, "missing_branches": 0, "percent_branches_covered": 100.0, "percent_branches_covered_display": "100"}, "missing_lines": [1], "excluded_lines": [], "start_line": 1, "executed_branches": [], "missing_branches": []}}, "classes": {"": {"executed_lines": [], "summary": {"covered_lines": 0, "num_statements": 29, "percent_covered": 0.0, "percent_covered_display": "0", "missing_lines": 29, "excluded_lines": 0, "percent_statements_covered": 0.0, "percent_statements_covered_display": "0", "num_branches": 20, "num_partial_branches": 0, "covered_branches": 0, "missing_branches": 20, "percent_branches_covered": 0.0, "percent_branches_covered_display": "0"}, "missing_lines": [1, 3, 5, 7, 9, 11, 13, 15, 17, 19, 21, 23, 27, 31, 35, 37, 39, 41, 43, 45, 47, 49, 53, 55, 57, 59, 61, 63, 65], "excluded_lines": [], "start_line": 1, "executed_branches": [], "missing_branches": [[11, 13], [11, 57], [15, 17], [15, 35], [17, 19], [17, 31], [19, 21], [19, 27], [35, 37], [35, 39], [39, 41], [39, 53], [41, 43], [41, 45], [45, 47], [45, 49], [57, 59], [57, 61], [61, 63], [61, 65]]}}}, "functions\\PY_058.py": {"executed_lines": [], "summary": {"covered_lines": 0, "num_statements": 22, "percent_covered": 0.0, "percent_covered_display": "0", "missing_lines": 22, "excluded_lines": 0, "percent_statements_covered": 0.0, "percent_statements_covered_display": "0", "num_branches": 22, "num_partial_branches": 0, "covered_branches": 0, "missing_branches": 22, "percent_branches_covered": 0.0, "percent_branches_covered_display": "0"}, "missing_lines": [1, 3, 5, 7, 9, 11, 13, 15, 17, 19, 21, 23, 25, 27, 29, 31, 33, 35, 37, 39, 41, 45], "excluded_lines": [], "executed_branches": [], "missing_branches": [[3, 5], [3, 7], [7, 9], [7, 11], [13, 15], [13, 23], [15, 17], [15, 19], [19, 21], [19, 23], [23, 25], [23, 29], [25, 27], [25, 35], [29, 31], [29, 35], [31, 33], [31, 35], [35, 37], [35, 39], [39, 41], [39, 45]], "functions": {"compute_loan_eligibility": {"executed_lines": [], "summary": {"covered_lines": 0, "num_statements": 21, "percent_covered": 0.0, "percent_covered_display": "0", "missing_lines": 21, "excluded_lines": 0, "percent_statements_covered": 0.0, "percent_statements_covered_display": "0", "num_branches": 22, "num_partial_branches": 0, "covered_branches": 0, "missing_branches": 22, "percent_branches_covered": 0.0, "percent_branches_covered_display": "0"}, "missing_lines": [3, 5, 7, 9, 11, 13, 15, 17, 19, 21, 23, 25, 27, 29, 31, 33, 35, 37, 39, 41, 45], "excluded_lines": [], "start_line": 1, "executed_branches": [], "missing_branches": [[3, 5], [3, 7], [7, 9], [7, 11], [13, 15], [13, 23], [15, 17], [15, 19], [19, 21], [19, 23], [23, 25], [23, 29], [25, 27], [25, 35], [29, 31], [29, 35], [31, 33], [31, 35], [35, 37], [35, 39], [39, 41], [39, 45]]}, "": {"executed_lines": [], "summary": {"covered_lines": 0, "num_statements": 1, "percent_covered": 0.0, "percent_covered_display": "0", "missing_lines": 1, "excluded_lines": 0, "percent_statements_covered": 0.0, "percent_statements_covered_display": "0", "num_branches": 0, "num_partial_branches": 0, "covered_branches": 0, "missing_branches": 0, "percent_branches_covered": 100.0, "percent_branches_covered_display": "100"}, "missing_lines": [1], "excluded_lines": [], "start_line": 1, "executed_branches": [], "missing_branches": []}}, "classes": {"": {"executed_lines": [], "summary": {"covered_lines": 0, "num_statements": 22, "percent_covered": 0.0, "percent_covered_display": "0", "missing_lines": 22, "excluded_lines": 0, "percent_statements_covered": 0.0, "percent_statements_covered_display": "0", "num_branches": 22, "num_partial_branches": 0, "covered_branches": 0, "missing_branches": 22, "percent_branches_covered": 0.0, "percent_branches_covered_display": "0"}, "missing_lines": [1, 3, 5, 7, 9, 11, 13, 15, 17, 19, 21, 23, 25, 27, 29, 31, 33, 35, 37, 39, 41, 45], "excluded_lines": [], "start_line": 1, "executed_branches": [], "missing_branches": [[3, 5], [3, 7], [7, 9], [7, 11], [13, 15], [13, 23], [15, 17], [15, 19], [19, 21], [19, 23], [23, 25], [23, 29], [25, 27], [25, 35], [29, 31], [29, 35], [31, 33], [31, 35], [35, 37], [35, 39], [39, 41], [39, 45]]}}}, "functions\\PY_060.py": {"executed_lines": [], "summary": {"covered_lines": 0, "num_statements": 27, "percent_covered": 0.0, "percent_covered_display": "0", "missing_lines": 27, "excluded_lines": 0, "percent_statements_covered": 0.0, "percent_statements_covered_display": "0", "num_branches": 22, "num_partial_branches": 0, "covered_branches": 0, "missing_branches": 22, "percent_branches_covered": 0.0, "percent_branches_covered_display": "0"}, "missing_lines": [1, 3, 5, 7, 9, 13, 15, 17, 19, 21, 25, 27, 29, 31, 33, 35, 37, 39, 41, 43, 45, 47, 49, 53, 55, 57, 59], "excluded_lines": [], "executed_branches": [], "missing_branches": [[5, 7], [5, 15], [7, 9], [7, 13], [17, 19], [17, 27], [19, 21], [19, 25], [27, 29], [27, 31], [31, 33], [31, 35], [35, 37], [35, 39], [39, 41], [39, 43], [43, 45], [43, 47], [47, 49], [47, 53], [55, 57], [55, 59]], "functions": {"grade_exam": {"executed_lines": [], "summary": {"covered_lines": 0, "num_statements": 26, "percent_covered": 0.0, "percent_covered_display": "0", "missing_lines": 26, "excluded_lines": 0, "percent_statements_covered": 0.0, "percent_statements_covered_display": "0", "num_branches": 22, "num_partial_branches": 0, "covered_branches": 0, "missing_branches": 22, "percent_branches_covered": 0.0, "percent_branches_covered_display": "0"}, "missing_lines": [3, 5, 7, 9, 13, 15, 17, 19, 21, 25, 27, 29, 31, 33, 35, 37, 39, 41, 43, 45, 47, 49, 53, 55, 57, 59], "excluded_lines": [], "start_line": 1, "executed_branches": [], "missing_branches": [[5, 7], [5, 15], [7, 9], [7, 13], [17, 19], [17, 27], [19, 21], [19, 25], [27, 29], [27, 31], [31, 33], [31, 35], [35, 37], [35, 39], [39, 41], [39, 43], [43, 45], [43, 47], [47, 49], [47, 53], [55, 57], [55, 59]]}, "": {"executed_lines": [], "summary": {"covered_lines": 0, "num_statements": 1, "percent_covered": 0.0, "percent_covered_display": "0", "missing_lines": 1, "excluded_lines": 0, "percent_statements_covered": 0.0, "percent_statements_covered_display": "0", "num_branches": 0, "num_partial_branches": 0, "covered_branches": 0, "missing_branches": 0, "percent_branches_covered": 100.0, "percent_branches_covered_display": "100"}, "missing_lines": [1], "excluded_lines": [], "start_line": 1, "executed_branches": [], "missing_branches": []}}, "classes": {"": {"executed_lines": [], "summary": {"covered_lines": 0, "num_statements": 27, "percent_covered": 0.0, "percent_covered_display": "0", "missing_lines": 27, "excluded_lines": 0, "percent_statements_covered": 0.0, "percent_statements_covered_display": "0", "num_branches": 22, "num_partial_branches": 0, "covered_branches": 0, "missing_branches": 22, "percent_branches_covered": 0.0, "percent_branches_covered_display": "0"}, "missing_lines": [1, 3, 5, 7, 9, 13, 15, 17, 19, 21, 25, 27, 29, 31, 33, 35, 37, 39, 41, 43, 45, 47, 49, 53, 55, 57, 59], "excluded_lines": [], "start_line": 1, "executed_branches": [], "missing_branches": [[5, 7], [5, 15], [7, 9], [7, 13], [17, 19], [17, 27], [19, 21], [19, 25], [27, 29], [27, 31], [31, 33], [31, 35], [35, 37], [35, 39], [39, 41], [39, 43], [43, 45], [43, 47], [47, 49], [47, 53], [55, 57], [55, 59]]}}}, "functions\\PY_062.py": {"executed_lines": [], "summary": {"covered_lines": 0, "num_statements": 20, "percent_covered": 0.0, "percent_covered_display": "0", "missing_lines": 20, "excluded_lines": 0, "percent_statements_covered": 0.0, "percent_statements_covered_display": "0", "num_branches": 22, "num_partial_branches": 0, "covered_branches": 0, "missing_branches": 22, "percent_branches_covered": 0.0, "percent_branches_covered_display": "0"}, "missing_lines": [1, 3, 5, 7, 9, 11, 13, 15, 17, 19, 21, 23, 25, 27, 29, 31, 33, 35, 37, 39], "excluded_lines": [], "executed_branches": [], "missing_branches": [[5, 7], [5, 11], [7, 5], [7, 9], [11, 13], [11, 29], [13, 15], [13, 19], [15, 17], [15, 19], [19, 11], [19, 21], [23, 11], [23, 25], [25, 11], [25, 27], [29, 31], [29, 39], [31, 33], [31, 35], [35, 37], [35, 39]], "functions": {"validate_form_submission": {"executed_lines": [], "summary": {"covered_lines": 0, "num_statements": 19, "percent_covered": 0.0, "percent_covered_display": "0", "missing_lines": 19, "excluded_lines": 0, "percent_statements_covered": 0.0, "percent_statements_covered_display": "0", "num_branches": 22, "num_partial_branches": 0, "covered_branches": 0, "missing_branches": 22, "percent_branches_covered": 0.0, "percent_branches_covered_display": "0"}, "missing_lines": [3, 5, 7, 9, 11, 13, 15, 17, 19, 21, 23, 25, 27, 29, 31, 33, 35, 37, 39], "excluded_lines": [], "start_line": 1, "executed_branches": [], "missing_branches": [[5, 7], [5, 11], [7, 5], [7, 9], [11, 13], [11, 29], [13, 15], [13, 19], [15, 17], [15, 19], [19, 11], [19, 21], [23, 11], [23, 25], [25, 11], [25, 27], [29, 31], [29, 39], [31, 33], [31, 35], [35, 37], [35, 39]]}, "": {"executed_lines": [], "summary": {"covered_lines": 0, "num_statements": 1, "percent_covered": 0.0, "percent_covered_display": "0", "missing_lines": 1, "excluded_lines": 0
[...]
[14, 16], [16, 17], [16, 18], [18, 19], [18, 20], [20, 21], [20, 22], [22, 23], [22, 24], [24, 25], [24, 26], [26, 27], [26, 28]], "functions": {"add_to_capabilities": {"executed_lines": [], "summary": {"covered_lines": 0, "num_statements": 21, "percent_covered": 0.0, "percent_covered_display": "0", "missing_lines": 21, "excluded_lines": 0, "percent_statements_covered": 0.0, "percent_statements_covered_display": "0", "num_branches": 18, "num_partial_branches": 0, "covered_branches": 0, "missing_branches": 18, "percent_branches_covered": 0.0, "percent_branches_covered_display": "0"}, "missing_lines": [8, 9, 10, 11, 12, 13, 14, 15, 16, 17, 18, 19, 20, 21, 22, 23, 24, 25, 26, 27, 28], "excluded_lines": [], "start_line": 1, "executed_branches": [], "missing_branches": [[10, 11], [10, 12], [12, 13], [12, 14], [14, 15], [14, 16], [16, 17], [16, 18], [18, 19], [18, 20], [20, 21], [20, 22], [22, 23], [22, 24], [24, 25], [24, 26], [26, 27], [26, 28]]}, "": {"executed_lines": [], "summary": {"covered_lines": 0, "num_statements": 1, "percent_covered": 0.0, "percent_covered_display": "0", "missing_lines": 1, "excluded_lines": 0, "percent_statements_covered": 0.0, "percent_statements_covered_display": "0", "num_branches": 0, "num_partial_branches": 0, "covered_branches": 0, "missing_branches": 0, "percent_branches_covered": 100.0, "percent_branches_covered_display": "100"}, "missing_lines": [1], "excluded_lines": [], "start_line": 1, "executed_branches": [], "missing_branches": []}}, "classes": {"": {"executed_lines": [], "summary": {"covered_lines": 0, "num_statements": 22, "percent_covered": 0.0, "percent_covered_display": "0", "missing_lines": 22, "excluded_lines": 0, "percent_statements_covered": 0.0, "percent_statements_covered_display": "0", "num_branches": 18, "num_partial_branches": 0, "covered_branches": 0, "missing_branches": 18, "percent_branches_covered": 0.0, "percent_branches_covered_display": "0"}, "missing_lines": [1, 8, 9, 10, 11, 12, 13, 14, 15, 16, 17, 18, 19, 20, 21, 22, 23, 24, 25, 26, 27, 28], "excluded_lines": [], "start_line": 1, "executed_branches": [], "missing_branches": [[10, 11], [10, 12], [12, 13], [12, 14], [14, 15], [14, 16], [16, 17], [16, 18], [18, 19], [18, 20], [20, 21], [20, 22], [22, 23], [22, 24], [24, 25], [24, 26], [26, 27], [26, 28]]}}}, "functions\\PY_078.py": {"executed_lines": [], "summary": {"covered_lines": 0, "num_statements": 2, "percent_covered": 0.0, "percent_covered_display": "0", "missing_lines": 2, "excluded_lines": 0, "percent_statements_covered": 0.0, "percent_statements_covered_display": "0", "num_branches": 0, "num_partial_branches": 0, "covered_branches": 0, "missing_branches": 0, "percent_branches_covered": 100.0, "percent_branches_covered_display": "100"}, "missing_lines": [1, 8], "excluded_lines": [], "executed_branches": [], "missing_branches": [], "functions": {"is_uniform_join_units": {"executed_lines": [], "summary": {"covered_lines": 0, "num_statements": 1, "percent_covered": 0.0, "percent_covered_display": "0", "missing_lines": 1, "excluded_lines": 0, "percent_statements_covered": 0.0, "percent_statements_covered_display": "0", "num_branches": 0, "num_partial_branches": 0, "covered_branches": 0, "missing_branches": 0, "percent_branches_covered": 100.0, "percent_branches_covered_display": "100"}, "missing_lines": [8], "excluded_lines": [], "start_line": 1, "executed_branches": [], "missing_branches": []}, "": {"executed_lines": [], "summary": {"covered_lines": 0, "num_statements": 1, "percent_covered": 0.0, "percent_covered_display": "0", "missing_lines": 1, "excluded_lines": 0, "percent_statements_covered": 0.0, "percent_statements_covered_display": "0", "num_branches": 0, "num_partial_branches": 0, "covered_branches": 0, "missing_branches": 0, "percent_branches_covered": 100.0, "percent_branches_covered_display": "100"}, "missing_lines": [1], "excluded_lines": [], "start_line": 1, "executed_branches": [], "missing_branches": []}}, "classes": {"": {"executed_lines": [], "summary": {"covered_lines": 0, "num_statements": 2, "percent_covered": 0.0, "percent_covered_display": "0", "missing_lines": 2, "excluded_lines": 0, "percent_statements_covered": 0.0, "percent_statements_covered_display": "0", "num_branches": 0, "num_partial_branches": 0, "covered_branches": 0, "missing_branches": 0, "percent_branches_covered": 100.0, "percent_branches_covered_display": "100"}, "missing_lines": [1, 8], "excluded_lines": [], "start_line": 1, "executed_branches": [], "missing_branches": []}}}, "functions\\PY_079.py": {"executed_lines": [], "summary": {"covered_lines": 0, "num_statements": 13, "percent_covered": 0.0, "percent_covered_display": "0", "missing_lines": 13, "excluded_lines": 0, "percent_statements_covered": 0.0, "percent_statements_covered_display": "0", "num_branches": 10, "num_partial_branches": 0, "covered_branches": 0, "missing_branches": 10, "percent_branches_covered": 0.0, "percent_branches_covered_display": "0"}, "missing_lines": [1, 5, 6, 7, 8, 9, 10, 11, 12, 13, 14, 15, 16], "excluded_lines": [], "executed_branches": [], "missing_branches": [[5, 6], [5, 7], [7, 8], [7, 9], [10, 11], [10, 12], [12, 13], [12, 16], [14, 12], [14, 15]], "functions": {"factorial": {"executed_lines": [], "summary": {"covered_lines": 0, "num_statements": 12, "percent_covered": 0.0, "percent_covered_display": "0", "missing_lines": 12, "excluded_lines": 0, "percent_statements_covered": 0.0, "percent_statements_covered_display": "0", "num_branches": 10, "num_partial_branches": 0, "covered_branches": 0, "missing_branches": 10, "percent_branches_covered": 0.0, "percent_branches_covered_display": "0"}, "missing_lines": [5, 6, 7, 8, 9, 10, 11, 12, 13, 14, 15, 16], "excluded_lines": [], "start_line": 1, "executed_branches": [], "missing_branches": [[5, 6], [5, 7], [7, 8], [7, 9], [10, 11], [10, 12], [12, 13], [12, 16], [14, 12], [14, 15]]}, "": {"executed_lines": [], "summary": {"covered_lines": 0, "num_statements": 1, "percent_covered": 0.0, "percent_covered_display": "0", "missing_lines": 1, "excluded_lines": 0, "percent_statements_covered": 0.0, "percent_statements_covered_display": "0", "num_branches": 0, "num_partial_branches": 0, "covered_branches": 0, "missing_branches": 0, "percent_branches_covered": 100.0, "percent_branches_covered_display": "100"}, "missing_lines": [1], "excluded_lines": [], "start_line": 1, "executed_branches": [], "missing_branches": []}}, "classes": {"": {"executed_lines": [], "summary": {"covered_lines": 0, "num_statements": 13, "percent_covered": 0.0, "percent_covered_display": "0", "missing_lines": 13, "excluded_lines": 0, "percent_statements_covered": 0.0, "percent_statements_covered_display": "0", "num_branches": 10, "num_partial_branches": 0, "covered_branches": 0, "missing_branches": 10, "percent_branches_covered": 0.0, "percent_branches_covered_display": "0"}, "missing_lines": [1, 5, 6, 7, 8, 9, 10, 11, 12, 13, 14, 15, 16], "excluded_lines": [], "start_line": 1, "executed_branches": [], "missing_branches": [[5, 6], [5, 7], [7, 8], [7, 9], [10, 11], [10, 12], [12, 13], [12, 16], [14, 12], [14, 15]]}}}, "functions\\PY_080.py": {"executed_lines": [], "summary": {"covered_lines": 0, "num_statements": 21, "percent_covered": 0.0, "percent_covered_display": "0", "missing_lines": 21, "excluded_lines": 0, "percent_statements_covered": 0.0, "percent_statements_covered_display": "0", "num_branches": 14, "num_partial_branches": 0, "covered_branches": 0, "missing_branches": 14, "percent_branches_covered": 0.0, "percent_branches_covered_display": "0"}, "missing_lines": [1, 6, 7, 8, 9, 10, 11, 12, 13, 14, 15, 16, 17, 20, 23, 24, 26, 27, 29, 30, 31], "excluded_lines": [], "executed_branches": [], "missing_branches": [[8, 9], [8, 31], [9, 10], [9, 11], [12, 8], [12, 13], [14, 15], [14, 16], [16, 17], [16, 20], [23, 24], [23, 26], [26, 27], [26, 29]], "functions": {"three_sum": {"executed_lines": [], "summary": {"covered_lines": 0, "num_statements": 20, "percent_covered": 0.0, "percent_covered_display": "0", "missing_lines": 20, "excluded_lines": 0, "percent_statements_covered": 0.0, "percent_statements_covered_display": "0", "num_branches": 14, "num_partial_branches": 0, "covered_branches": 0, "missing_branches": 14, "percent_branches_covered": 0.0, "percent_branches_covered_display": "0"}, "missing_lines": [6, 7, 8, 9, 10, 11, 12, 13, 14, 15, 16, 17, 20, 23, 24, 26, 27, 29, 30, 31], "excluded_lines": [], "start_line": 1, "executed_branches": [], "missing_branches": [[8, 9], [8, 31], [9, 10], [9, 11], [12, 8], [12, 13], [14, 15], [14, 16], [16, 17], [16, 20], [23, 24], [23, 26], [26, 27], [26, 29]]}, "": {"executed_lines": [], "summary": {"covered_lines": 0, "num_statements": 1, "percent_covered": 0.0, "percent_covered_display": "0", "missing_lines": 1, "excluded_lines": 0, "percent_statements_covered": 0.0, "percent_statements_covered_display": "0", "num_branches": 0, "num_partial_branches": 0, "covered_branches": 0, "missing_branches": 0, "percent_branches_covered": 100.0, "percent_branches_covered_display": "100"}, "missing_lines": [1], "excluded_lines": [], "start_line": 1, "executed_branches": [], "missing_branches": []}}, "classes": {"": {"executed_lines": [], "summary": {"covered_lines": 0, "num_statements": 21, "percent_covered": 0.0, "percent_covered_display": "0", "missing_lines": 21, "excluded_lines": 0, "percent_statements_covered": 0.0, "percent_statements_covered_display": "0", "num_branches": 14, "num_partial_branches": 0, "covered_branches": 0, "missing_branches": 14, "percent_branches_covered": 0.0, "percent_branches_covered_display": "0"}, "missing_lines": [1, 6, 7, 8, 9, 10, 11, 12, 13, 14, 15, 16, 17, 20, 23, 24, 26, 27, 29, 30, 31], "excluded_lines": [], "start_line": 1, "executed_branches": [], "missing_branches": [[8, 9], [8, 31], [9, 10], [9, 11], [12, 8], [12, 13], [14, 15], [14, 16], [16, 17], [16, 20], [23, 24], [23, 26], [26, 27], [26, 29]]}}}, "functions\\PY_081.py": {"executed_lines": [], "summary": {"covered_lines": 0, "num_statements": 22, "percent_covered": 0.0, "percent_covered_display": "0", "missing_lines": 22, "excluded_lines": 0, "percent_statements_covered": 0.0, "percent_statements_covered_display": "0", "num_branches": 14, "num_partial_branches": 0, "covered_branches": 0, "missing_branches": 14, "percent_branches_covered": 0.0, "percent_branches_covered_display": "0"}, "missing_lines": [1, 20, 22, 23, 24, 25, 27, 28, 29, 30, 32, 33, 36, 37, 38, 39, 42, 43, 45, 46, 49, 50], "excluded_lines": [], "executed_branches": [], "missing_branches": [[22, 23], [22, 24], [24, 25], [24, 27], [28, 29], [28, 36], [29, 30], [29, 32], [36, 37], [36, 42], [37, 38], [37, 39], [42, 43], [42, 45]], "functions": {"trigger": {"executed_lines": [], "summary": {"covered_lines": 0, "num_statements": 21, "percent_covered": 0.0, "percent_covered_display": "0", "missing_lines": 21, "excluded_lines": 0, "percent_statements_covered": 0.0, "percent_statements_covered_display": "0", "num_branches": 14, "num_partial_branches": 0, "covered_branches": 0, "missing_branches": 14, "percent_branches_covered": 0.0, "percent_branches_covered_display": "0"}, "missing_lines": [20, 22, 23, 24, 25, 27, 28, 29, 30, 32, 33, 36, 37, 38, 39, 42, 43, 45, 46, 49, 50], "excluded_lines": [], "start_line": 1, "executed_branches": [], "missing_branches": [[22, 23], [22, 24], [24, 25], [24, 27], [28, 29], [28, 36], [29, 30], [29, 32], [36, 37], [36, 42], [37, 38], [37, 39], [42, 43], [42, 45]]}, "": {"executed_lines": [], "summary": {"covered_lines": 0, "num_statements": 1, "percent_covered": 0.0, "percent_covered_display": "0", "missing_lines": 1, "excluded_lines": 0, "percent_statements_covered": 0.0, "percent_statements_covered_display": "0", "num_branches": 0, "num_partial_branches": 0, "covered_branches": 0, "missing_branches": 0, "percent_branches_covered": 100.0, "percent_branches_covered_display": "100"}, "missing_lines": [1], "excluded_lines": [], "start_line": 1, "executed_branches": [], "missing_branches": []}}, "classes": {"": {"executed_lines": [], "summary": {"covered_lines": 0, "num_statements": 22, "percent_covered": 0.0, "percent_covered_display": "0", "missing_lines": 22, "excluded_lines": 0, "percent_statements_covered": 0.0, "percent_statements_covered_display": "0", "num_branches": 14, "num_partial_branches": 0, "covered_branches": 0, "missing_branches": 14, "percent_branches_covered": 0.0, "percent_branches_covered_display": "0"}, "missing_lines": [1, 20, 22, 23, 24, 25, 27, 28, 29, 30, 32, 33, 36, 37, 38, 39, 42, 43, 45, 46, 49, 50], "excluded_lines": [], "start_line": 1, "executed_branches": [], "missing_branches": [[22, 23], [22, 24], [24, 25], [24, 27], [28, 29], [28, 36], [29, 30], [29, 32], [36, 37], [36, 42], [37, 38], [37, 39], [42, 43], [42, 45]]}}}, "functions\\PY_082.py": {"executed_lines": [], "summary": {"covered_lines": 0, "num_statements": 17, "percent_covered": 0.0, "percent_covered_display": "0", "missing_lines": 17, "excluded_lines": 0, "percent_statements_covered": 0.0, "percent_statements_covered_display": "0", "num_branches": 10, "num_partial_branches": 0, "covered_branches": 0, "missing_branches": 10, "percent_branches_covered": 0.0, "percent_branches_covered_display": "0"}, "missing_lines": [1, 7, 8, 9, 10, 11, 12, 13, 15, 16, 17, 18, 20, 21, 24, 26, 27], "excluded_lines": [], "executed_branches": [], "missing_branches": [[9, 10], [9, 11], [12, 13], [12, 15], [16, 17], [16, 21], [17, 18], [17, 20], [21, 24], [21, 26]], "functions": {"process_nested_expression": {"executed_lines": [], "summary": {"covered_lines": 0, "num_statements": 16, "percent_covered": 0.0, "percent_covered_display": "0", "missing_lines": 16, "excluded_lines": 0, "percent_statements_covered": 0.0, "percent_statements_covered_display": "0", "num_branches": 10, "num_partial_branches": 0, "covered_branches": 0, "missing_branches": 10, "percent_branches_covered": 0.0, "percent_branches_covered_display": "0"}, "missing_lines": [7, 8, 9, 10, 11, 12, 13, 15, 16, 17, 18, 20, 21, 24, 26, 27], "excluded_lines": [], "start_line": 1, "executed_branches": [], "missing_branches": [[9, 10], [9, 11], [12, 13], [12, 15], [16, 17], [16, 21], [17, 18], [17, 20], [21, 24], [21, 26]]}, "": {"executed_lines": [], "summary": {"covered_lines": 0, "num_statements": 1, "percent_covered": 0.0, "percent_covered_display": "0", "missing_lines": 1, "excluded_lines": 0, "percent_statements_covered": 0.0, "percent_statements_covered_display": "0", "num_branches": 0, "num_partial_branches": 0, "covered_branches": 0, "missing_branches": 0, "percent_branches_covered": 100.0, "percent_branches_covered_display": "100"}, "missing_lines": [1], "excluded_lines": [], "start_line": 1, "executed_branches": [], "missing_branches": []}}, "classes": {"": {"executed_lines": [], "summary": {"covered_lines": 0, "num_statements": 17, "percent_covered": 0.0, "percent_covered_display": "0", "missing_lines": 17, "excluded_lines": 0, "percent_statements_covered": 0.0, "percent_statements_covered_display": "0", "num_branches": 10, "num_partial_branches": 0, "covered_branches": 0, "missing_branches": 10, "percent_branches_covered": 0.0, "percent_branches_covered_display": "0"}, "missing_lines": [1, 7, 8, 9, 10, 11, 12, 13, 15, 16, 17, 18, 20, 21, 24, 26, 27], "excluded_lines": [], "start_line": 1, "executed_branches": [], "missing_branches": [[9, 10], [9, 11], [12, 13], [12, 15], [16, 17], [16, 21], [17, 18], [17, 20], [21, 24], [21, 26]]}}}, "functions\\PY_083.py": {"executed_lines": [1], "summary": {"covered_lines": 1, "num_statements": 16, "percent_covered": 5.0, "percent_covered_display": "5", "missing_lines": 15, "excluded_lines": 0, "percent_statements_covered": 6.25, "percent_statements_covered_display": "6", "num_branches": 4, "num_partial_branches": 0, "covered_branches": 0, "missing_branches": 4, "percent_branches_covered": 0.0, "percent_branches_covered_display": "0"}, "missing_lines": [31, 32, 33, 35, 36, 37, 39, 40, 41, 43, 44, 45, 46, 47, 49], "excluded_lines": [], "executed_branches": [], "missing_branches": [[31, 32], [31, 35], [44, 45], [44, 49]], "functions": {"bind": {"executed_lines": [], "summary": {"covered_lines": 0, "num_statements": 15, "percent_covered": 0.0, "percent_covered_display": "0", "missing_lines": 15, "excluded_lines": 0, "percent_statements_covered": 0.0, "percent_statements_covered_display": "0", "num_branches": 4, "num_partial_branches": 0, "covered_branches": 0, "missing_branches": 4, "percent_branches_covered": 0.0, "percent_branches_covered_display": "0"}, "missing_lines": [31, 32, 33, 35, 36, 37, 39, 40, 41, 43, 44, 45, 46, 47, 49], "excluded_lines": [], "start_line": 1, "executed_branches": [], "missing_branches": [[31, 32], [31, 35], [44, 45], [44, 49]]}, "": {"executed_lines": [1], "summary": {"covered_lines": 1, "num_statements": 1, "percent_covered": 100.0, "percent_covered_display": "100", "missing_lines": 0, "excluded_lines": 0, "percent_statements_covered": 100.0, "percent_statements_covered_display": "100", "num_branches": 0, "num_partial_branches": 0, "covered_branches": 0, "missing_branches": 0, "percent_branches_covered": 100.0, "percent_branches_covered_display": "100"}, "missing_lines": [], "excluded_lines": [], "start_line": 1, "executed_branches": [], "missing_branches": []}}, "classes": {"": {"executed_lines": [1], "summary": {"covered_lines": 1, "num_statements": 16, "percent_covered": 5.0, "percent_covered_display": "5", "missing_lines": 15, "excluded_lines": 0, "percent_statements_covered": 6.25, "percent_statements_covered_display": "6", "num_branches": 4, "num_partial_branches": 0, "covered_branches": 0, "missing_branches": 4, "percent_branches_covered": 0.0, "percent_branches_covered_display": "0"}, "missing_lines": [31, 32, 33, 35, 36, 37, 39, 40, 41, 43, 44, 45, 46, 47, 49], "excluded_lines": [], "start_line": 1, "executed_branches": [], "missing_branches": [[31, 32], [31, 35], [44, 45], [44, 49]]}}}, "functions\\__init__.py": {"executed_lines": [], "summary": {"covered_lines": 0, "num_statements": 0, "percent_covered": 100.0, "percent_covered_display": "100", "missing_lines": 0, "excluded_lines": 0, "percent_statements_covered": 100.0, "percent_statements_covered_display": "100", "num_branches": 0, "num_partial_branches": 0, "covered_branches": 0, "missing_branches": 0, "percent_branches_covered": 100.0, "percent_branches_covered_display": "100"}, "missing_lines": [], "excluded_lines": [], "executed_branches": [], "missing_branches": [], "functions": {"": {"executed_lines": [], "summary": {"covered_lines": 0, "num_statements": 0, "percent_covered": 100.0, "percent_covered_display": "100", "missing_lines": 0, "excluded_lines": 0, "percent_statements_covered": 100.0, "percent_statements_covered_display": "100", "num_branches": 0, "num_partial_branches": 0, "covered_branches": 0, "missing_branches": 0, "percent_branches_covered": 100.0, "percent_branches_covered_display": "100"}, "missing_lines": [], "excluded_lines": [], "start_line": 1, "executed_branches": [], "missing_branches": []}}, "classes": {"": {"executed_lines": [], "summary": {"covered_lines": 0, "num_statements": 0, "percent_covered": 100.0, "percent_covered_display": "100", "missing_lines": 0, "excluded_lines": 0, "percent_statements_covered": 100.0, "percent_statements_covered_display": "100", "num_branches": 0, "num_partial_branches": 0, "covered_branches": 0, "missing_branches": 0, "percent_branches_covered": 100.0, "percent_branches_covered_display": "100"}, "missing_lines": [], "excluded_lines": [], "start_line": 1, "executed_branches": [], "missing_branches": []}}}}, "totals": {"covered_lines": 1, "num_statements": 906, "percent_covered": 0.06720430107526881, "percent_covered_display": "1", "missing_lines": 905, "excluded_lines": 0, "percent_statements_covered": 0.11037527593818984, "percent_statements_covered_display": "1", "num_branches": 582, "num_partial_branches": 0, "covered_branches": 0, "missing_branches": 582, "percent_branches_covered": 0.0, "percent_branches_covered_display": "0"}}